#2026 03 26 10:43:17.880#Z#INFO#9997d830-2900-11f1-85ef-eeee0a89cb82.OPERATION#http-nio-0.0.0.0-8080-exec-10#
[XS2StartProcessListener] Operation ID: 9997d830-2900-11f1-85ef-eeee0a89cb82#
#2026 03 26 10:43:17.899#Z#DEBUG#9997d830-2900-11f1-85ef-eeee0a89cb82.OPERATION#http-nio-0.0.0.0-8080-exec-10#
[XS2StartProcessListener] Process environment: {
  "SKIP_SSL_VALIDATION" : "false",
  "FLOWABLE_JOB_EXECUTOR_MAX_THREADS" : "32",
  "VERSION" : "2.42.0",
  "BASIC_AUTH_ENABLED" : "true",
  "FLOWABLE_JOB_EXECUTOR_QUEUE_CAPACITY" : "16",
  "FLOWABLE_JOB_EXECUTOR_CORE_THREADS" : "8"
}#
#2026 03 26 10:43:17.899#Z#DEBUG#9997d830-2900-11f1-85ef-eeee0a89cb82.OPERATION#http-nio-0.0.0.0-8080-exec-10#
[XS2StartProcessListener] Current user: norbert.varga@delaware.pro#
#2026 03 26 10:43:17.899#Z#DEBUG#9997d830-2900-11f1-85ef-eeee0a89cb82.OPERATION#http-nio-0.0.0.0-8080-exec-10#
[XS2StartProcessListener] Client space: dev#
#2026 03 26 10:43:17.899#Z#DEBUG#9997d830-2900-11f1-85ef-eeee0a89cb82.OPERATION#http-nio-0.0.0.0-8080-exec-10#
[XS2StartProcessListener] Client organization: 0603fda2trial#
#2026 03 26 10:43:17.899#Z#INFO#9997d830-2900-11f1-85ef-eeee0a89cb82.OPERATION#http-nio-0.0.0.0-8080-exec-10#
[XS2StartProcessListener] Process variables: {
  "keepFiles" : false,
  "skipAppDigestCalculation" : false,
  "abortOnError" : false,
  "mtaId" : "sample-basic-html5-mta",
  "noFailOnMissingPermissions" : false,
  "isSecurityEnabled" : false,
  "apiRequestPath" : "https://deploy-service.cf.us10-001.hana.ondemand.com/api/v1/spaces/6ad0cdac-df61-49a4-9b84-2b0cdf6d7d4a/operations",
  "deleteServiceBrokers" : false,
  "appArchiveId" : "596e6e0f-a855-4c1d-88b3-7755bf03216d",
  "isDisposableUserProvidedServiceEnabled" : false,
  "deleteServiceKeys" : false,
  "noRestartSubscribedApps" : false,
  "noStart" : false,
  "deleteServices" : false
}#
#2026 03 26 10:43:17.956#Z#DEBUG#9997d830-2900-11f1-85ef-eeee0a89cb82.OPERATION#flowable-async-job-executor-thread-13463#
[ValidateDeployParametersStep] Executing task "validateParametersTask" of process "9997d856-2900-11f1-85ef-eeee0a89cb82"...#
#2026 03 26 10:43:17.956#Z#DEBUG#9997d830-2900-11f1-85ef-eeee0a89cb82.OPERATION#flowable-async-job-executor-thread-13463#
[ValidateDeployParametersStep] Validating parameters...#
#2026 03 26 10:43:17.958#Z#INFO#9997d830-2900-11f1-85ef-eeee0a89cb82.OPERATION#flowable-async-job-executor-thread-13463#
[ValidateDeployParametersStep] Size of mtars is 2,543 and size of extension descriptors is 0#
#2026 03 26 10:43:17.986#Z#INFO#9997d830-2900-11f1-85ef-eeee0a89cb82.OPERATION#flowable-async-job-executor-thread-13463#
[ValidateDeployParametersStep] Archive was not split! Total size in bytes: 2,543#
#2026 03 26 10:43:17.986#Z#INFO#9997d830-2900-11f1-85ef-eeee0a89cb82.OPERATION#flowable-async-job-executor-thread-13463#
[ValidateDeployParametersStep] Deploying in org "0603fda2trial" and space "dev"#
#2026 03 26 10:43:17.990#Z#DEBUG#9997d830-2900-11f1-85ef-eeee0a89cb82.OPERATION#flowable-async-job-executor-thread-13463#
[ValidateDeployParametersStep] Parameters validated#
#2026 03 26 10:43:17.990#Z#DEBUG#9997d830-2900-11f1-85ef-eeee0a89cb82.OPERATION#flowable-async-job-executor-thread-13463#
Step "Validate Parameters" finished#
#2026 03 26 10:43:18.040#Z#DEBUG#9997d830-2900-11f1-85ef-eeee0a89cb82.OPERATION#flowable-async-job-executor-thread-13464#
[DeleteRemainingFileParts] Executing task "deleteRemainingFileParts" of process "9997d856-2900-11f1-85ef-eeee0a89cb82"...#
#2026 03 26 10:43:18.041#Z#DEBUG#9997d830-2900-11f1-85ef-eeee0a89cb82.OPERATION#flowable-async-job-executor-thread-13464#
Step "Delete Remaining File Parts" finished#
#2026 03 26 10:43:18.081#Z#DEBUG#9997d830-2900-11f1-85ef-eeee0a89cb82.OPERATION#flowable-async-job-executor-thread-13465#
[XS2ProcessMtaArchiveStep] Executing task "processArchiveTask" of process "9997d856-2900-11f1-85ef-eeee0a89cb82"...#
#2026 03 26 10:43:18.082#Z#DEBUG#9997d830-2900-11f1-85ef-eeee0a89cb82.OPERATION#flowable-async-job-executor-thread-13465#
[XS2ProcessMtaArchiveStep] Processing MTA archive...#
#2026 03 26 10:43:18.082#Z#DEBUG#9997d830-2900-11f1-85ef-eeee0a89cb82.OPERATION#flowable-async-job-executor-thread-13465#
[XS2ProcessMtaArchiveStep] MTA Archive ID: 596e6e0f-a855-4c1d-88b3-7755bf03216d#
#2026 03 26 10:43:18.166#Z#DEBUG#9997d830-2900-11f1-85ef-eeee0a89cb82.OPERATION#flowable-async-job-executor-thread-13465#
[XS2ProcessMtaArchiveStep] MTA Descriptor length: 1,092#
#2026 03 26 10:43:18.167#Z#DEBUG#9997d830-2900-11f1-85ef-eeee0a89cb82.OPERATION#flowable-async-job-executor-thread-13465#
[XS2ProcessMtaArchiveStep] MTA Archive Modules: [sample-basic-html5-ui-deployer]#
#2026 03 26 10:43:18.167#Z#DEBUG#9997d830-2900-11f1-85ef-eeee0a89cb82.OPERATION#flowable-async-job-executor-thread-13465#
[XS2ProcessMtaArchiveStep] MTA Archive Requires: []#
#2026 03 26 10:43:18.167#Z#DEBUG#9997d830-2900-11f1-85ef-eeee0a89cb82.OPERATION#flowable-async-job-executor-thread-13465#
[XS2ProcessMtaArchiveStep] MTA Archive Resources: []#
#2026 03 26 10:43:18.175#Z#DEBUG#9997d830-2900-11f1-85ef-eeee0a89cb82.OPERATION#flowable-async-job-executor-thread-13465#
[XS2ProcessMtaArchiveStep] MTA archive processed#
#2026 03 26 10:43:18.175#Z#DEBUG#9997d830-2900-11f1-85ef-eeee0a89cb82.OPERATION#flowable-async-job-executor-thread-13465#
Step "Process Archive" finished#
#2026 03 26 10:43:18.209#Z#DEBUG#9997d830-2900-11f1-85ef-eeee0a89cb82.OPERATION#flowable-async-job-executor-thread-13466#
[ProcessMtaExtensionDescriptorsStep] Executing task "processExtensionDescriptorsTask" of process "9997d856-2900-11f1-85ef-eeee0a89cb82"...#
#2026 03 26 10:43:18.209#Z#DEBUG#9997d830-2900-11f1-85ef-eeee0a89cb82.OPERATION#flowable-async-job-executor-thread-13466#
[ProcessMtaExtensionDescriptorsStep] Processing MTA extension descriptors...#
#2026 03 26 10:43:18.210#Z#DEBUG#9997d830-2900-11f1-85ef-eeee0a89cb82.OPERATION#flowable-async-job-executor-thread-13466#
[ProcessMtaExtensionDescriptorsStep] Provided extension descriptors: [ ]#
#2026 03 26 10:43:18.210#Z#DEBUG#9997d830-2900-11f1-85ef-eeee0a89cb82.OPERATION#flowable-async-job-executor-thread-13466#
[ProcessMtaExtensionDescriptorsStep] No extension descriptors in use#
#2026 03 26 10:43:18.210#Z#DEBUG#9997d830-2900-11f1-85ef-eeee0a89cb82.OPERATION#flowable-async-job-executor-thread-13466#
[ProcessMtaExtensionDescriptorsStep] MTA extension descriptors processed#
#2026 03 26 10:43:18.210#Z#DEBUG#9997d830-2900-11f1-85ef-eeee0a89cb82.OPERATION#flowable-async-job-executor-thread-13466#
Step "Process Extension Descriptors" finished#
#2026 03 26 10:43:18.239#Z#DEBUG#9997d830-2900-11f1-85ef-eeee0a89cb82.OPERATION#flowable-async-job-executor-thread-13467#
[XS2DetectMtaSchemaVersionStep] Executing task "detectSchemaVersionTask" of process "9997d856-2900-11f1-85ef-eeee0a89cb82"...#
#2026 03 26 10:43:18.239#Z#DEBUG#9997d830-2900-11f1-85ef-eeee0a89cb82.OPERATION#flowable-async-job-executor-thread-13467#
[XS2DetectMtaSchemaVersionStep] Detecting MTA major schema version...#
#2026 03 26 10:43:18.240#Z#INFO#9997d830-2900-11f1-85ef-eeee0a89cb82.OPERATION#flowable-async-job-executor-thread-13467#
[XS2DetectMtaSchemaVersionStep] Detected MTA schema version: "3"#
#2026 03 26 10:43:18.245#Z#DEBUG#9997d830-2900-11f1-85ef-eeee0a89cb82.OPERATION#flowable-async-job-executor-thread-13467#
Step "Detect Schema Version" finished#
#2026 03 26 10:43:18.273#Z#DEBUG#9997d830-2900-11f1-85ef-eeee0a89cb82.OPERATION#flowable-async-job-executor-thread-13468#
[MergeDescriptorsStep] Executing task "mergeDescriptorsTask" of process "9997d856-2900-11f1-85ef-eeee0a89cb82"...#
#2026 03 26 10:43:18.273#Z#DEBUG#9997d830-2900-11f1-85ef-eeee0a89cb82.OPERATION#flowable-async-job-executor-thread-13468#
[MergeDescriptorsStep] Validating and merging descriptors...#
#2026 03 26 10:43:18.275#Z#DEBUG#9997d830-2900-11f1-85ef-eeee0a89cb82.OPERATION#flowable-async-job-executor-thread-13468#
[MergeDescriptorsStep] Merged deployment descriptor: {
  "majorSchemaVersion" : 3,
  "schemaVersion" : "3.2.0",
  "id" : "sample-basic-html5-mta",
  "version" : "1.0.0",
  "modules" : [ {
    "majorSchemaVersion" : 3,
    "name" : "managed-html5-runtime-basic-mta",
    "type" : "com.sap.application.content",
    "properties" : { },
    "parameters" : {
      "content" : {
        "instance" : {
          "destinations" : [ {
            "Name" : "sample-basic-html5-repo-host",
            "ServiceInstanceName" : "sample-basic-html5-repo-host",
            "ServiceKeyName" : "********",
            "sap.cloud.service" : "multi-cloud-html5-apps-samples"
          } ],
          "existing_destinations_policy" : "update"
        }
      }
    },
    "requiredDependencies" : [ {
      "majorSchemaVersion" : 3,
      "name" : "sample-basic-html5-repo-host",
      "properties" : { },
      "parameters" : {
        "content-target" : true
      },
      "propertiesMetadata" : {
        "metadata" : { }
      },
      "parametersMetadata" : {
        "metadata" : { }
      }
    } ],
    "providedDependencies" : [ {
      "majorSchemaVersion" : 3,
      "name" : "managed-html5-runtime-basic-mta",
      "isPublic" : false,
      "properties" : { },
      "parameters" : { },
      "propertiesMetadata" : {
        "metadata" : { }
      },
      "parametersMetadata" : {
        "metadata" : { }
      }
    } ],
    "propertiesMetadata" : {
      "metadata" : { }
    },
    "parametersMetadata" : {
      "metadata" : { }
    },
    "hooks" : [ ]
  }, {
    "majorSchemaVersion" : 3,
    "name" : "sample-basic-html5-ui-deployer",
    "type" : "com.sap.application.content",
    "path" : "sample-basic-html5-ui-deployer",
    "properties" : { },
    "parameters" : { },
    "requiredDependencies" : [ {
      "majorSchemaVersion" : 3,
      "name" : "sample-basic-html5-repo-host",
      "properties" : { },
      "parameters" : {
        "content-target" : true
      },
      "propertiesMetadata" : {
        "metadata" : { }
      },
      "parametersMetadata" : {
        "metadata" : { }
      }
    } ],
    "providedDependencies" : [ {
      "majorSchemaVersion" : 3,
      "name" : "sample-basic-html5-ui-deployer",
      "isPublic" : false,
      "properties" : { },
      "parameters" : { },
      "propertiesMetadata" : {
        "metadata" : { }
      },
      "parametersMetadata" : {
        "metadata" : { }
      }
    } ],
    "propertiesMetadata" : {
      "metadata" : { }
    },
    "parametersMetadata" : {
      "metadata" : { }
    },
    "hooks" : [ ]
  } ],
  "resources" : [ {
    "majorSchemaVersion" : 3,
    "name" : "sample-basic-html5-repo-host",
    "type" : "org.cloudfoundry.managed-service",
    "properties" : { },
    "parameters" : {
      "service-plan" : "app-host",
      "type" : "managed-service",
      "service-keys" : "********",
      "service" : "html5-apps-repo"
    },
    "isActive" : true,
    "isOptional" : false,
    "propertiesMetadata" : {
      "metadata" : { }
    },
    "parametersMetadata" : {
      "metadata" : { }
    },
    "requiredDependencies" : [ ],
    "processedAfter" : [ ]
  } ],
  "parameters" : { },
  "parametersMetadata" : {
    "metadata" : { }
  }
}#
#2026 03 26 10:43:18.276#Z#DEBUG#9997d830-2900-11f1-85ef-eeee0a89cb82.OPERATION#flowable-async-job-executor-thread-13468#
[MergeDescriptorsStep] Descriptors validated and merged#
#2026 03 26 10:43:18.276#Z#DEBUG#9997d830-2900-11f1-85ef-eeee0a89cb82.OPERATION#flowable-async-job-executor-thread-13468#
Step "Merge Descriptors" finished#
#2026 03 26 10:43:18.308#Z#DEBUG#9997d830-2900-11f1-85ef-eeee0a89cb82.OPERATION#flowable-async-job-executor-thread-13469#
[DetectDeployedMtaStep] Executing task "detectDeployedMtaTask" of process "9997d856-2900-11f1-85ef-eeee0a89cb82"...#
#2026 03 26 10:43:18.308#Z#DEBUG#9997d830-2900-11f1-85ef-eeee0a89cb82.OPERATION#flowable-async-job-executor-thread-13469#
[DetectDeployedMtaStep] Detecting deployed MTA...#
#2026 03 26 10:43:18.309#Z#DEBUG#9997d830-2900-11f1-85ef-eeee0a89cb82.OPERATION#flowable-async-job-executor-thread-13469#
[DetectDeployedMtaStep] Detecting MTA by id sample-basic-html5-mta and namespace null#
#2026 03 26 10:43:18.309#Z#DEBUG#9997d830-2900-11f1-85ef-eeee0a89cb82.OPERATION#flowable-async-job-executor-thread-13469#
[DetectDeployedMtaStep] Getting applications by metadata label selector "mta_id=b5c242e17630a07e2579bc86204ef686,!mta_namespace"...#
#2026 03 26 10:43:18.355#Z#DEBUG#9997d830-2900-11f1-85ef-eeee0a89cb82.OPERATION#flowable-async-job-executor-thread-13469#
[DetectDeployedMtaStep] Getting service instances by metadata label selector "mta_id=b5c242e17630a07e2579bc86204ef686,!mta_namespace"...#
#2026 03 26 10:43:18.497#Z#DEBUG#9997d830-2900-11f1-85ef-eeee0a89cb82.OPERATION#flowable-async-job-executor-thread-13469#
[DetectDeployedMtaStep] Deployed MTA: {
  "metadata" : {
    "id" : "sample-basic-html5-mta",
    "version" : "1.0.0"
  },
  "applications" : [ ],
  "services" : [ {
    "name" : "sample-basic-html5-repo-host",
    "metadata" : {
      "guid" : "ca1c7803-ee4a-4b85-bc2b-a1db34b6e4d5",
      "createdAt" : [ 2026, 3, 26, 10, 38, 6 ],
      "updatedAt" : [ 2026, 3, 26, 10, 38, 7 ]
    },
    "v3Metadata" : {
      "annotations" : {
        "mta_id" : "sample-basic-html5-mta",
        "mta_version" : "1.0.0",
        "mta_resource" : "{\"name\":\"sample-basic-html5-repo-host\"}"
      },
      "labels" : {
        "mta_id" : "b5c242e17630a07e2579bc86204ef686"
      }
    },
    "label" : "html5-apps-repo",
    "plan" : "app-host",
    "credentials" : "********",
    "tags" : [ ],
    "type" : "managed",
    "lastOperation" : {
      "type" : "CREATE",
      "description" : "",
      "state" : "SUCCEEDED"
    },
    "resourceName" : "sample-basic-html5-repo-host"
  } ]
}#
#2026 03 26 10:43:18.497#Z#INFO#9997d830-2900-11f1-85ef-eeee0a89cb82.OPERATION#flowable-async-job-executor-thread-13469#
[DetectDeployedMtaStep] Detected deployed MTA with ID "sample-basic-html5-mta" and version "1.0.0"#
#2026 03 26 10:43:18.502#Z#DEBUG#9997d830-2900-11f1-85ef-eeee0a89cb82.OPERATION#flowable-async-job-executor-thread-13469#
[DetectDeployedMtaStep] Detecting backup mta by id "sample-basic-html5-mta" and namespace "null"#
#2026 03 26 10:43:18.502#Z#DEBUG#9997d830-2900-11f1-85ef-eeee0a89cb82.OPERATION#flowable-async-job-executor-thread-13469#
[DetectDeployedMtaStep] Getting applications by metadata label selector "mta_id=b5c242e17630a07e2579bc86204ef686,mta_namespace=b698114a0995e936895b9598a6c19a2c"...#
#2026 03 26 10:43:18.545#Z#DEBUG#9997d830-2900-11f1-85ef-eeee0a89cb82.OPERATION#flowable-async-job-executor-thread-13469#
[DetectDeployedMtaStep] Getting service instances by metadata label selector "mta_id=b5c242e17630a07e2579bc86204ef686,mta_namespace=b698114a0995e936895b9598a6c19a2c"...#
#2026 03 26 10:43:18.619#Z#DEBUG#9997d830-2900-11f1-85ef-eeee0a89cb82.OPERATION#flowable-async-job-executor-thread-13469#
[DetectDeployedMtaStep] Deployed MTA service keys: [ {
  "name" : "********",
  "metadata" : {
    "guid" : "0891f001-a193-434b-b06a-4bb3f65a9ade",
    "createdAt" : [ 2026, 3, 26, 10, 38, 20 ],
    "updatedAt" : [ 2026, 3, 26, 10, 38, 21 ]
  },
  "v3Metadata" : {
    "annotations" : {
      "mta_id" : "sample-basic-html5-mta",
      "mta_version" : "1.0.0"
    },
    "labels" : {
      "mta_id" : "b5c242e17630a07e2579bc86204ef686",
      "space_guid" : "6ad0cdac-df61-49a4-9b84-2b0cdf6d7d4a"
    }
  },
  "serviceInstance" : {
    "name" : "sample-basic-html5-repo-host",
    "metadata" : {
      "guid" : "ca1c7803-ee4a-4b85-bc2b-a1db34b6e4d5",
      "createdAt" : [ 2026, 3, 26, 10, 38, 6 ],
      "updatedAt" : [ 2026, 3, 26, 10, 38, 7 ]
    },
    "v3Metadata" : {
      "annotations" : {
        "mta_id" : "sample-basic-html5-mta",
        "mta_version" : "1.0.0",
        "mta_resource" : "{\"name\":\"sample-basic-html5-repo-host\"}"
      },
      "labels" : {
        "mta_id" : "b5c242e17630a07e2579bc86204ef686"
      }
    },
    "credentials" : "********",
    "tags" : [ ],
    "type" : "managed"
  }
}, {
  "name" : "********",
  "metadata" : {
    "guid" : "5108e201-e2cd-4c80-998f-e596d42e56ce",
    "createdAt" : [ 2026, 3, 26, 10, 38, 30 ],
    "updatedAt" : [ 2026, 3, 26, 10, 38, 31 ]
  },
  "v3Metadata" : {
    "annotations" : {
      "mta_id" : "sample-basic-html5-mta",
      "mta_version" : "1.0.0"
    },
    "labels" : {
      "mta_id" : "b5c242e17630a07e2579bc86204ef686",
      "space_guid" : "6ad0cdac-df61-49a4-9b84-2b0cdf6d7d4a"
    }
  },
  "serviceInstance" : {
    "name" : "sample-basic-html5-repo-host",
    "metadata" : {
      "guid" : "ca1c7803-ee4a-4b85-bc2b-a1db34b6e4d5",
      "createdAt" : [ 2026, 3, 26, 10, 38, 6 ],
      "updatedAt" : [ 2026, 3, 26, 10, 38, 7 ]
    },
    "v3Metadata" : {
      "annotations" : {
        "mta_id" : "sample-basic-html5-mta",
        "mta_version" : "1.0.0",
        "mta_resource" : "{\"name\":\"sample-basic-html5-repo-host\"}"
      },
      "labels" : {
        "mta_id" : "b5c242e17630a07e2579bc86204ef686"
      }
    },
    "credentials" : "********",
    "tags" : [ ],
    "type" : "managed"
  }
} ]#
#2026 03 26 10:43:18.619#Z#DEBUG#9997d830-2900-11f1-85ef-eeee0a89cb82.OPERATION#flowable-async-job-executor-thread-13469#
Step "Detect Deployed MTA" finished#
#2026 03 26 10:43:18.656#Z#DEBUG#9997d830-2900-11f1-85ef-eeee0a89cb82.OPERATION#flowable-async-job-executor-thread-13470#
[XS2CollectSystemParametersStep] Executing task "collectSystemParametersTask" of process "9997d856-2900-11f1-85ef-eeee0a89cb82"...#
#2026 03 26 10:43:18.657#Z#DEBUG#9997d830-2900-11f1-85ef-eeee0a89cb82.OPERATION#flowable-async-job-executor-thread-13470#
[XS2CollectSystemParametersStep] Collecting system parameters...#
#2026 03 26 10:43:18.657#Z#DEBUG#9997d830-2900-11f1-85ef-eeee0a89cb82.OPERATION#flowable-async-job-executor-thread-13470#
[XS2CollectSystemParametersStep] Getting default domain...#
#2026 03 26 10:43:18.684#Z#DEBUG#9997d830-2900-11f1-85ef-eeee0a89cb82.OPERATION#flowable-async-job-executor-thread-13470#
[XS2CollectSystemParametersStep] Default domain: cfapps.us10-001.hana.ondemand.com#
#2026 03 26 10:43:18.684#Z#DEBUG#9997d830-2900-11f1-85ef-eeee0a89cb82.OPERATION#flowable-async-job-executor-thread-13470#
[XS2CollectSystemParametersStep] Checking for overwriting read-only parameters for mta with id: "sample-basic-html5-mta"#
#2026 03 26 10:43:18.684#Z#DEBUG#9997d830-2900-11f1-85ef-eeee0a89cb82.OPERATION#flowable-async-job-executor-thread-13470#
[XS2CollectSystemParametersStep] No read-only parameters are overwritten#
#2026 03 26 10:43:18.697#Z#DEBUG#9997d830-2900-11f1-85ef-eeee0a89cb82.OPERATION#flowable-async-job-executor-thread-13470#
[XS2CollectSystemParametersStep] Descriptor with system parameters: {
  "majorSchemaVersion" : 3,
  "schemaVersion" : "3.2.0",
  "id" : "sample-basic-html5-mta",
  "version" : "1.0.0",
  "modules" : [ {
    "majorSchemaVersion" : 3,
    "name" : "managed-html5-runtime-basic-mta",
    "type" : "com.sap.application.content",
    "properties" : { },
    "parameters" : {
      "default-url" : "${protocol}://${default-uri}",
      "default-app-name" : "managed-html5-runtime-basic-mta",
      "generated-password" : "********",
      "default-live-url" : "${protocol}://${default-live-uri}",
      "default-uri" : "${host}.${domain}",
      "default-instances" : 1,
      "default-live-host" : "0603fda2trial-dev-managed-html5-runtime-basic-mta",
      "instances" : "${default-instances}",
      "default-host" : "0603fda2trial-dev-managed-html5-runtime-basic-mta",
      "content" : {
        "instance" : {
          "destinations" : [ {
            "Name" : "sample-basic-html5-repo-host",
            "ServiceInstanceName" : "sample-basic-html5-repo-host",
            "ServiceKeyName" : "********",
            "sap.cloud.service" : "multi-cloud-html5-apps-samples"
          } ],
          "existing_destinations_policy" : "update"
        }
      },
      "app-name" : "${default-app-name}",
      "default-live-uri" : "0603fda2trial-dev-managed-html5-runtime-basic-mta.${domain}",
      "protocol" : "https",
      "default-live-app-name" : "managed-html5-runtime-basic-mta",
      "default-live-domain" : "cfapps.us10-001.hana.ondemand.com",
      "domain" : "${default-domain}",
      "host" : "${default-host}",
      "generated-user" : "********"
    },
    "requiredDependencies" : [ {
      "majorSchemaVersion" : 3,
      "name" : "sample-basic-html5-repo-host",
      "properties" : { },
      "parameters" : {
        "content-target" : true
      },
      "propertiesMetadata" : {
        "metadata" : { }
      },
      "parametersMetadata" : {
        "metadata" : { }
      }
    } ],
    "providedDependencies" : [ {
      "majorSchemaVersion" : 3,
      "name" : "managed-html5-runtime-basic-mta",
      "isPublic" : false,
      "properties" : { },
      "parameters" : { },
      "propertiesMetadata" : {
        "metadata" : { }
      },
      "parametersMetadata" : {
        "metadata" : { }
      }
    } ],
    "propertiesMetadata" : {
      "metadata" : { }
    },
    "parametersMetadata" : {
      "metadata" : { }
    },
    "hooks" : [ ]
  }, {
    "majorSchemaVersion" : 3,
    "name" : "sample-basic-html5-ui-deployer",
    "type" : "com.sap.application.content",
    "path" : "sample-basic-html5-ui-deployer",
    "properties" : { },
    "parameters" : {
      "default-url" : "${protocol}://${default-uri}",
      "default-app-name" : "sample-basic-html5-ui-deployer",
      "generated-password" : "********",
      "default-live-url" : "${protocol}://${default-live-uri}",
      "default-uri" : "${host}.${domain}",
      "default-instances" : 1,
      "default-live-host" : "0603fda2trial-dev-sample-basic-html5-ui-deployer",
      "instances" : "${default-instances}",
      "default-host" : "0603fda2trial-dev-sample-basic-html5-ui-deployer",
      "app-name" : "${default-app-name}",
      "default-live-uri" : "0603fda2trial-dev-sample-basic-html5-ui-deployer.${domain}",
      "protocol" : "https",
      "default-live-app-name" : "sample-basic-html5-ui-deployer",
      "default-live-domain" : "cfapps.us10-001.hana.ondemand.com",
      "domain" : "${default-domain}",
      "host" : "${default-host}",
      "generated-user" : "********"
    },
    "requiredDependencies" : [ {
      "majorSchemaVersion" : 3,
      "name" : "sample-basic-html5-repo-host",
      "properties" : { },
      "parameters" : {
        "content-target" : true
      },
      "propertiesMetadata" : {
        "metadata" : { }
      },
      "parametersMetadata" : {
        "metadata" : { }
      }
    } ],
    "providedDependencies" : [ {
      "majorSchemaVersion" : 3,
      "name" : "sample-basic-html5-ui-deployer",
      "isPublic" : false,
      "properties" : { },
      "parameters" : { },
      "propertiesMetadata" : {
        "metadata" : { }
      },
      "parametersMetadata" : {
        "metadata" : { }
      }
    } ],
    "propertiesMetadata" : {
      "metadata" : { }
    },
    "parametersMetadata" : {
      "metadata" : { }
    },
    "hooks" : [ ]
  } ],
  "resources" : [ {
    "majorSchemaVersion" : 3,
    "name" : "sample-basic-html5-repo-host",
    "type" : "org.cloudfoundry.managed-service",
    "properties" : { },
    "parameters" : {
      "generated-password" : "********",
      "service-name" : "${default-service-name}",
      "service-plan" : "app-host",
      "service" : "html5-apps-repo",
      "generated-user" : "********",
      "default-xsappname" : "sample-basic-html5-repo-host",
      "type" : "managed-service",
      "default-service-name" : "sample-basic-html5-repo-host",
      "service-keys" : "********",
      "default-container-name" : "0603FDA2TRIAL_DEV_SAMPLE_BASIC_HTML5_REPO_HOST"
    },
    "isActive" : true,
    "isOptional" : false,
    "propertiesMetadata" : {
      "metadata" : { }
    },
    "parametersMetadata" : {
      "metadata" : { }
    },
    "requiredDependencies" : [ ],
    "processedAfter" : [ ]
  } ],
  "parameters" : {
    "mta-id" : "sample-basic-html5-mta",
    "authorization-url" : "********",
    "org-guid" : "27bcb32e-b097-42eb-b73b-90ed13b5e10f",
    "org" : "0603fda2trial",
    "deploy-target" : "0603fda2trial dev",
    "space" : "dev",
    "xs-api-url" : "https://api.cf.us10-001.hana.ondemand.com",
    "deploy-url" : "deploy-service.cfapps.us10-001.hana.ondemand.com",
    "xs-type" : "CF",
    "default-domain" : "cfapps.us10-001.hana.ondemand.com",
    "mta-version" : "1.0.0",
    "xs-auth-url" : "********",
    "space-guid" : "6ad0cdac-df61-49a4-9b84-2b0cdf6d7d4a",
    "user" : "********",
    "controller-url" : "https://api.cf.us10-001.hana.ondemand.com",
    "timestamp" : "20260326104317"
  },
  "parametersMetadata" : {
    "metadata" : { }
  }
}#
#2026 03 26 10:43:18.698#Z#DEBUG#9997d830-2900-11f1-85ef-eeee0a89cb82.OPERATION#flowable-async-job-executor-thread-13470#
[XS2CollectSystemParametersStep] Version rule: SAME_HIGHER#
#2026 03 26 10:43:18.698#Z#INFO#9997d830-2900-11f1-85ef-eeee0a89cb82.OPERATION#flowable-async-job-executor-thread-13470#
[XS2CollectSystemParametersStep] Detected new MTA version: "1.0.0"#
#2026 03 26 10:43:18.703#Z#INFO#9997d830-2900-11f1-85ef-eeee0a89cb82.OPERATION#flowable-async-job-executor-thread-13470#
[XS2CollectSystemParametersStep] Deployed MTA version: "1.0.0"#
#2026 03 26 10:43:18.707#Z#DEBUG#9997d830-2900-11f1-85ef-eeee0a89cb82.OPERATION#flowable-async-job-executor-thread-13470#
[XS2CollectSystemParametersStep] MTA accepted for deployment#
#2026 03 26 10:43:18.707#Z#DEBUG#9997d830-2900-11f1-85ef-eeee0a89cb82.OPERATION#flowable-async-job-executor-thread-13470#
[XS2CollectSystemParametersStep] System parameters collected#
#2026 03 26 10:43:18.707#Z#DEBUG#9997d830-2900-11f1-85ef-eeee0a89cb82.OPERATION#flowable-async-job-executor-thread-13470#
Step "Collect System Parameters" finished#
#2026 03 26 10:43:18.735#Z#DEBUG#9997d830-2900-11f1-85ef-eeee0a89cb82.OPERATION#flowable-async-job-executor-thread-13470#
[ProcessDescriptorStep] Executing task "processDescriptorTask" of process "9997d856-2900-11f1-85ef-eeee0a89cb82"...#
#2026 03 26 10:43:18.736#Z#DEBUG#9997d830-2900-11f1-85ef-eeee0a89cb82.OPERATION#flowable-async-job-executor-thread-13470#
[ProcessDescriptorStep] Resolving properties and parameters in merged descriptor...#
#2026 03 26 10:43:18.738#Z#DEBUG#9997d830-2900-11f1-85ef-eeee0a89cb82.OPERATION#flowable-async-job-executor-thread-13470#
[ProcessDescriptorStep] Subscriptions: [ ]#
#2026 03 26 10:43:18.738#Z#DEBUG#9997d830-2900-11f1-85ef-eeee0a89cb82.OPERATION#flowable-async-job-executor-thread-13470#
[ProcessDescriptorStep] MTA modules: [sample-basic-html5-ui-deployer, managed-html5-runtime-basic-mta]#
#2026 03 26 10:43:18.739#Z#DEBUG#9997d830-2900-11f1-85ef-eeee0a89cb82.OPERATION#flowable-async-job-executor-thread-13470#
[ProcessDescriptorStep] Resolved deployment descriptor: {
  "majorSchemaVersion" : 3,
  "schemaVersion" : "3.2.0",
  "id" : "sample-basic-html5-mta",
  "version" : "1.0.0",
  "modules" : [ {
    "majorSchemaVersion" : 3,
    "name" : "managed-html5-runtime-basic-mta",
    "type" : "com.sap.application.content",
    "properties" : { },
    "parameters" : {
      "default-url" : "https://0603fda2trial-dev-managed-html5-runtime-basic-mta.cfapps.us10-001.hana.ondemand.com",
      "default-app-name" : "managed-html5-runtime-basic-mta",
      "generated-password" : "********",
      "default-live-url" : "https://0603fda2trial-dev-managed-html5-runtime-basic-mta.cfapps.us10-001.hana.ondemand.com",
      "default-uri" : "0603fda2trial-dev-managed-html5-runtime-basic-mta.cfapps.us10-001.hana.ondemand.com",
      "default-instances" : 1,
      "default-live-host" : "0603fda2trial-dev-managed-html5-runtime-basic-mta",
      "instances" : 1,
      "default-host" : "0603fda2trial-dev-managed-html5-runtime-basic-mta",
      "content" : {
        "instance" : {
          "destinations" : [ {
            "Name" : "sample-basic-html5-repo-host",
            "ServiceInstanceName" : "sample-basic-html5-repo-host",
            "ServiceKeyName" : "********",
            "sap.cloud.service" : "multi-cloud-html5-apps-samples"
          } ],
          "existing_destinations_policy" : "update"
        }
      },
      "app-name" : "managed-html5-runtime-basic-mta",
      "default-live-uri" : "0603fda2trial-dev-managed-html5-runtime-basic-mta.cfapps.us10-001.hana.ondemand.com",
      "protocol" : "https",
      "default-live-app-name" : "managed-html5-runtime-basic-mta",
      "default-live-domain" : "cfapps.us10-001.hana.ondemand.com",
      "domain" : "cfapps.us10-001.hana.ondemand.com",
      "host" : "0603fda2trial-dev-managed-html5-runtime-basic-mta",
      "generated-user" : "********"
    },
    "requiredDependencies" : [ {
      "majorSchemaVersion" : 3,
      "name" : "sample-basic-html5-repo-host",
      "properties" : { },
      "parameters" : {
        "content-target" : true
      },
      "propertiesMetadata" : {
        "metadata" : { }
      },
      "parametersMetadata" : {
        "metadata" : { }
      }
    } ],
    "providedDependencies" : [ {
      "majorSchemaVersion" : 3,
      "name" : "managed-html5-runtime-basic-mta",
      "isPublic" : false,
      "properties" : { },
      "parameters" : { },
      "propertiesMetadata" : {
        "metadata" : { }
      },
      "parametersMetadata" : {
        "metadata" : { }
      }
    } ],
    "propertiesMetadata" : {
      "metadata" : { }
    },
    "parametersMetadata" : {
      "metadata" : { }
    },
    "hooks" : [ ]
  }, {
    "majorSchemaVersion" : 3,
    "name" : "sample-basic-html5-ui-deployer",
    "type" : "com.sap.application.content",
    "path" : "sample-basic-html5-ui-deployer",
    "properties" : { },
    "parameters" : {
      "default-url" : "https://0603fda2trial-dev-sample-basic-html5-ui-deployer.cfapps.us10-001.hana.ondemand.com",
      "default-app-name" : "sample-basic-html5-ui-deployer",
      "generated-password" : "********",
      "default-live-url" : "https://0603fda2trial-dev-sample-basic-html5-ui-deployer.cfapps.us10-001.hana.ondemand.com",
      "default-uri" : "0603fda2trial-dev-sample-basic-html5-ui-deployer.cfapps.us10-001.hana.ondemand.com",
      "default-instances" : 1,
      "default-live-host" : "0603fda2trial-dev-sample-basic-html5-ui-deployer",
      "instances" : 1,
      "default-host" : "0603fda2trial-dev-sample-basic-html5-ui-deployer",
      "app-name" : "sample-basic-html5-ui-deployer",
      "default-live-uri" : "0603fda2trial-dev-sample-basic-html5-ui-deployer.cfapps.us10-001.hana.ondemand.com",
      "protocol" : "https",
      "default-live-app-name" : "sample-basic-html5-ui-deployer",
      "default-live-domain" : "cfapps.us10-001.hana.ondemand.com",
      "domain" : "cfapps.us10-001.hana.ondemand.com",
      "host" : "0603fda2trial-dev-sample-basic-html5-ui-deployer",
      "generated-user" : "********"
    },
    "requiredDependencies" : [ {
      "majorSchemaVersion" : 3,
      "name" : "sample-basic-html5-repo-host",
      "properties" : { },
      "parameters" : {
        "content-target" : true
      },
      "propertiesMetadata" : {
        "metadata" : { }
      },
      "parametersMetadata" : {
        "metadata" : { }
      }
    } ],
    "providedDependencies" : [ {
      "majorSchemaVersion" : 3,
      "name" : "sample-basic-html5-ui-deployer",
      "isPublic" : false,
      "properties" : { },
      "parameters" : { },
      "propertiesMetadata" : {
        "metadata" : { }
      },
      "parametersMetadata" : {
        "metadata" : { }
      }
    } ],
    "propertiesMetadata" : {
      "metadata" : { }
    },
    "parametersMetadata" : {
      "metadata" : { }
    },
    "hooks" : [ ]
  } ],
  "resources" : [ {
    "majorSchemaVersion" : 3,
    "name" : "sample-basic-html5-repo-host",
    "type" : "org.cloudfoundry.managed-service",
    "properties" : { },
    "parameters" : {
      "generated-password" : "********",
      "service-name" : "sample-basic-html5-repo-host",
      "service-plan" : "app-host",
      "service" : "html5-apps-repo",
      "generated-user" : "********",
      "default-xsappname" : "sample-basic-html5-repo-host",
      "type" : "managed-service",
      "default-service-name" : "sample-basic-html5-repo-host",
      "service-keys" : "********",
      "default-container-name" : "0603FDA2TRIAL_DEV_SAMPLE_BASIC_HTML5_REPO_HOST"
    },
    "isActive" : true,
    "isOptional" : false,
    "propertiesMetadata" : {
      "metadata" : { }
    },
    "parametersMetadata" : {
      "metadata" : { }
    },
    "requiredDependencies" : [ ],
    "processedAfter" : [ ]
  } ],
  "parameters" : {
    "mta-id" : "sample-basic-html5-mta",
    "authorization-url" : "********",
    "org-guid" : "27bcb32e-b097-42eb-b73b-90ed13b5e10f",
    "org" : "0603fda2trial",
    "deploy-target" : "0603fda2trial dev",
    "region-primary-domain" : "us10.hana.ondemand.com",
    "space" : "dev",
    "region-domain" : "us10-001.hana.ondemand.com",
    "xs-api-url" : "https://api.cf.us10-001.hana.ondemand.com",
    "deploy-url" : "deploy-service.cfapps.us10-001.hana.ondemand.com",
    "xs-type" : "CF",
    "default-domain" : "cfapps.us10-001.hana.ondemand.com",
    "mta-version" : "1.0.0",
    "xs-auth-url" : "********",
    "space-guid" : "6ad0cdac-df61-49a4-9b84-2b0cdf6d7d4a",
    "user" : "********",
    "controller-url" : "https://api.cf.us10-001.hana.ondemand.com",
    "timestamp" : "20260326104317"
  },
  "parametersMetadata" : {
    "metadata" : { }
  }
}#
#2026 03 26 10:43:18.739#Z#DEBUG#9997d830-2900-11f1-85ef-eeee0a89cb82.OPERATION#flowable-async-job-executor-thread-13470#
[ProcessDescriptorStep] Merged descriptor properties and parameters resolved#
#2026 03 26 10:43:18.739#Z#DEBUG#9997d830-2900-11f1-85ef-eeee0a89cb82.OPERATION#flowable-async-job-executor-thread-13470#
Step "Process Descriptor Step" finished#
#2026 03 26 10:43:18.769#Z#DEBUG#9997d830-2900-11f1-85ef-eeee0a89cb82.OPERATION#flowable-async-job-executor-thread-13464#
[XS2BuildCloudDeployModelStep] Executing task "buildDeployModelTask" of process "9997d856-2900-11f1-85ef-eeee0a89cb82"...#
#2026 03 26 10:43:18.772#Z#DEBUG#9997d830-2900-11f1-85ef-eeee0a89cb82.OPERATION#flowable-async-job-executor-thread-13464#
[XS2BuildCloudDeployModelStep] Service keys defined for content deployment grouped by service name: {
  "sample-basic-html5-repo-host" : [ {
    "name" : "********",
    "v3Metadata" : {
      "annotations" : {
        "mta_id" : "sample-basic-html5-mta",
        "mta_version" : "1.0.0"
      },
      "labels" : {
        "mta_id" : "b5c242e17630a07e2579bc86204ef686",
        "space_guid" : "6ad0cdac-df61-49a4-9b84-2b0cdf6d7d4a"
      }
    },
    "credentials" : "********",
    "moduleName" : "managed-html5-runtime-basic-mta",
    "resourceName" : "sample-basic-html5-repo-host",
    "serviceInstance" : {
      "isOptional" : false,
      "isManaged" : false,
      "name" : "sample-basic-html5-repo-host",
      "credentials" : "********",
      "tags" : [ ],
      "shouldSkipParametersUpdate" : false,
      "shouldSkipPlanUpdate" : false,
      "shouldSkipTagsUpdate" : false,
      "shouldSkipSyslogUrlUpdate" : false
    },
    "shouldDeleteServiceKeyAfterDeploy" : "********",
    "resourceType" : "org.cloudfoundry.managed-service"
  }, {
    "name" : "********",
    "v3Metadata" : {
      "annotations" : {
        "mta_id" : "sample-basic-html5-mta",
        "mta_version" : "1.0.0"
      },
      "labels" : {
        "mta_id" : "b5c242e17630a07e2579bc86204ef686",
        "space_guid" : "6ad0cdac-df61-49a4-9b84-2b0cdf6d7d4a"
      }
    },
    "credentials" : "********",
    "moduleName" : "sample-basic-html5-ui-deployer",
    "resourceName" : "sample-basic-html5-repo-host",
    "serviceInstance" : {
      "isOptional" : false,
      "isManaged" : false,
      "name" : "sample-basic-html5-repo-host",
      "credentials" : "********",
      "tags" : [ ],
      "shouldSkipParametersUpdate" : false,
      "shouldSkipPlanUpdate" : false,
      "shouldSkipTagsUpdate" : false,
      "shouldSkipSyslogUrlUpdate" : false
    },
    "shouldDeleteServiceKeyAfterDeploy" : "********",
    "resourceType" : "org.cloudfoundry.managed-service"
  } ]
}#
#2026 03 26 10:43:18.772#Z#DEBUG#9997d830-2900-11f1-85ef-eeee0a89cb82.OPERATION#flowable-async-job-executor-thread-13464#
[XS2BuildCloudDeployModelStep] Building cloud deployment model...#
#2026 03 26 10:43:18.773#Z#DEBUG#9997d830-2900-11f1-85ef-eeee0a89cb82.OPERATION#flowable-async-job-executor-thread-13464#
[XS2BuildCloudDeployModelStep] MTA archive modules: [sample-basic-html5-ui-deployer]#
#2026 03 26 10:43:18.773#Z#DEBUG#9997d830-2900-11f1-85ef-eeee0a89cb82.OPERATION#flowable-async-job-executor-thread-13464#
[XS2BuildCloudDeployModelStep] Deployed modules: []#
#2026 03 26 10:43:18.774#Z#DEBUG#9997d830-2900-11f1-85ef-eeee0a89cb82.OPERATION#flowable-async-job-executor-thread-13464#
[XS2BuildCloudDeployModelStep] MTA modules: [sample-basic-html5-ui-deployer, managed-html5-runtime-basic-mta]#
#2026 03 26 10:43:18.774#Z#DEBUG#9997d830-2900-11f1-85ef-eeee0a89cb82.OPERATION#flowable-async-job-executor-thread-13464#
[XS2BuildCloudDeployModelStep] Service keys to create: {
  "sample-basic-html5-repo-host" : [ {
    "name" : "********",
    "v3Metadata" : {
      "annotations" : {
        "mta_id" : "sample-basic-html5-mta",
        "mta_version" : "1.0.0"
      },
      "labels" : {
        "mta_id" : "b5c242e17630a07e2579bc86204ef686",
        "space_guid" : "6ad0cdac-df61-49a4-9b84-2b0cdf6d7d4a"
      }
    },
    "credentials" : "********",
    "serviceInstance" : {
      "isOptional" : false,
      "isManaged" : false,
      "name" : "sample-basic-html5-repo-host",
      "credentials" : "********",
      "tags" : [ ],
      "shouldSkipParametersUpdate" : false,
      "shouldSkipPlanUpdate" : false,
      "shouldSkipTagsUpdate" : false,
      "shouldSkipSyslogUrlUpdate" : false
    }
  } ]
}#
#2026 03 26 10:43:18.775#Z#DEBUG#9997d830-2900-11f1-85ef-eeee0a89cb82.OPERATION#flowable-async-job-executor-thread-13464#
[XS2BuildCloudDeployModelStep] Modules to deploy: [{
  "majorSchemaVersion" : 3,
  "name" : "managed-html5-runtime-basic-mta",
  "type" : "com.sap.application.content",
  "properties" : { },
  "parameters" : {
    "default-url" : "https://0603fda2trial-dev-managed-html5-runtime-basic-mta.cfapps.us10-001.hana.ondemand.com",
    "default-app-name" : "managed-html5-runtime-basic-mta",
    "generated-password" : "********",
    "default-live-url" : "https://0603fda2trial-dev-managed-html5-runtime-basic-mta.cfapps.us10-001.hana.ondemand.com",
    "default-uri" : "0603fda2trial-dev-managed-html5-runtime-basic-mta.cfapps.us10-001.hana.ondemand.com",
    "default-instances" : 1,
    "default-live-host" : "0603fda2trial-dev-managed-html5-runtime-basic-mta",
    "instances" : 1,
    "default-host" : "0603fda2trial-dev-managed-html5-runtime-basic-mta",
    "content" : {
      "instance" : {
        "destinations" : [ {
          "Name" : "sample-basic-html5-repo-host",
          "ServiceInstanceName" : "sample-basic-html5-repo-host",
          "ServiceKeyName" : "********",
          "sap.cloud.service" : "multi-cloud-html5-apps-samples"
        } ],
        "existing_destinations_policy" : "update"
      }
    },
    "app-name" : "managed-html5-runtime-basic-mta",
    "default-live-uri" : "0603fda2trial-dev-managed-html5-runtime-basic-mta.cfapps.us10-001.hana.ondemand.com",
    "protocol" : "https",
    "default-live-app-name" : "managed-html5-runtime-basic-mta",
    "default-live-domain" : "cfapps.us10-001.hana.ondemand.com",
    "dependency-type" : "soft",
    "domain" : "cfapps.us10-001.hana.ondemand.com",
    "host" : "0603fda2trial-dev-managed-html5-runtime-basic-mta",
    "generated-user" : "********"
  },
  "requiredDependencies" : [ {
    "majorSchemaVersion" : 3,
    "name" : "sample-basic-html5-repo-host",
    "properties" : { },
    "parameters" : {
      "content-target" : true
    },
    "propertiesMetadata" : {
      "metadata" : { }
    },
    "parametersMetadata" : {
      "metadata" : { }
    }
  } ],
  "providedDependencies" : [ {
    "majorSchemaVersion" : 3,
    "name" : "managed-html5-runtime-basic-mta",
    "isPublic" : false,
    "properties" : { },
    "parameters" : { },
    "propertiesMetadata" : {
      "metadata" : { }
    },
    "parametersMetadata" : {
      "metadata" : { }
    }
  } ],
  "propertiesMetadata" : {
    "metadata" : { }
  },
  "parametersMetadata" : {
    "metadata" : { }
  },
  "hooks" : [ ]
}, {
  "majorSchemaVersion" : 3,
  "name" : "sample-basic-html5-ui-deployer",
  "type" : "com.sap.application.content",
  "path" : "sample-basic-html5-ui-deployer",
  "properties" : { },
  "parameters" : {
    "default-url" : "https://0603fda2trial-dev-sample-basic-html5-ui-deployer.cfapps.us10-001.hana.ondemand.com",
    "default-app-name" : "sample-basic-html5-ui-deployer",
    "generated-password" : "********",
    "default-live-url" : "https://0603fda2trial-dev-sample-basic-html5-ui-deployer.cfapps.us10-001.hana.ondemand.com",
    "default-uri" : "0603fda2trial-dev-sample-basic-html5-ui-deployer.cfapps.us10-001.hana.ondemand.com",
    "default-instances" : 1,
    "default-live-host" : "0603fda2trial-dev-sample-basic-html5-ui-deployer",
    "instances" : 1,
    "default-host" : "0603fda2trial-dev-sample-basic-html5-ui-deployer",
    "app-name" : "sample-basic-html5-ui-deployer",
    "default-live-uri" : "0603fda2trial-dev-sample-basic-html5-ui-deployer.cfapps.us10-001.hana.ondemand.com",
    "protocol" : "https",
    "default-live-app-name" : "sample-basic-html5-ui-deployer",
    "default-live-domain" : "cfapps.us10-001.hana.ondemand.com",
    "dependency-type" : "soft",
    "domain" : "cfapps.us10-001.hana.ondemand.com",
    "host" : "0603fda2trial-dev-sample-basic-html5-ui-deployer",
    "generated-user" : "********"
  },
  "requiredDependencies" : [ {
    "majorSchemaVersion" : 3,
    "name" : "sample-basic-html5-repo-host",
    "properties" : { },
    "parameters" : {
      "content-target" : true
    },
    "propertiesMetadata" : {
      "metadata" : { }
    },
    "parametersMetadata" : {
      "metadata" : { }
    }
  } ],
  "providedDependencies" : [ {
    "majorSchemaVersion" : 3,
    "name" : "sample-basic-html5-ui-deployer",
    "isPublic" : false,
    "properties" : { },
    "parameters" : { },
    "propertiesMetadata" : {
      "metadata" : { }
    },
    "parametersMetadata" : {
      "metadata" : { }
    }
  } ],
  "propertiesMetadata" : {
    "metadata" : { }
  },
  "parametersMetadata" : {
    "metadata" : { }
  },
  "hooks" : [ ]
}]#
#2026 03 26 10:43:18.775#Z#DEBUG#9997d830-2900-11f1-85ef-eeee0a89cb82.OPERATION#flowable-async-job-executor-thread-13464#
[XS2BuildCloudDeployModelStep] Custom domains: []#
#2026 03 26 10:43:18.777#Z#DEBUG#9997d830-2900-11f1-85ef-eeee0a89cb82.OPERATION#flowable-async-job-executor-thread-13464#
[XS2BuildCloudDeployModelStep] Calculating resource batches...#
#2026 03 26 10:43:18.777#Z#DEBUG#9997d830-2900-11f1-85ef-eeee0a89cb82.OPERATION#flowable-async-job-executor-thread-13464#
[XS2BuildCloudDeployModelStep] Calculating resource batches completed.#
#2026 03 26 10:43:18.777#Z#DEBUG#9997d830-2900-11f1-85ef-eeee0a89cb82.OPERATION#flowable-async-job-executor-thread-13464#
[XS2BuildCloudDeployModelStep] Cloud deployment model built#
#2026 03 26 10:43:18.777#Z#DEBUG#9997d830-2900-11f1-85ef-eeee0a89cb82.OPERATION#flowable-async-job-executor-thread-13464#
Step "Build Deploy Model" finished#
#2026 03 26 10:43:18.810#Z#DEBUG#9997d830-2900-11f1-85ef-eeee0a89cb82.OPERATION#flowable-async-job-executor-thread-13464#
[BuildCloudUndeployModelStep] Executing task "buildUndeployModelTask" of process "9997d856-2900-11f1-85ef-eeee0a89cb82"...#
#2026 03 26 10:43:18.811#Z#DEBUG#9997d830-2900-11f1-85ef-eeee0a89cb82.OPERATION#flowable-async-job-executor-thread-13464#
[BuildCloudUndeployModelStep] Building cloud undeployment model...#
#2026 03 26 10:43:18.812#Z#DEBUG#9997d830-2900-11f1-85ef-eeee0a89cb82.OPERATION#flowable-async-job-executor-thread-13464#
[BuildCloudUndeployModelStep] Detecting service keys to delete.#
#2026 03 26 10:43:18.813#Z#DEBUG#9997d830-2900-11f1-85ef-eeee0a89cb82.OPERATION#flowable-async-job-executor-thread-13464#
[BuildCloudUndeployModelStep] Detected deployed service keys by service "{sample-basic-html5-repo-host=[DeployedMtaServiceKey{name=sample-basic-html5-repo-host-key, metadata=CloudMetadata{guid=0891f001-a193-434b-b06a-4bb3f65a9ade, createdAt=2026-03-26T10:38:20, updatedAt=2026-03-26T10:38:21, url=null}, v3Metadata=Metadata{annotations={mta_id=sample-basic-html5-mta, mta_version=1.0.0}, labels={mta_id=b5c242e17630a07e2579bc86204ef686, space_guid=6ad0cdac-df61-49a4-9b84-2b0cdf6d7d4a}}, credentials=null, serviceInstance=CloudServiceInstance{name=sample-basic-html5-repo-host, metadata=CloudMetadata{guid=ca1c7803-ee4a-4b85-bc2b-a1db34b6e4d5, createdAt=2026-03-26T10:38:06, updatedAt=2026-03-26T10:38:07, url=null}, v3Metadata=Metadata{annotations={mta_id=sample-basic-html5-mta, mta_version=1.0.0, mta_resource={"name":"sample-basic-html5-repo-host"}}, labels={mta_id=b5c242e17630a07e2579bc86204ef686}}, label=null, plan=null, provider=null, broker=null, version=null, credentials={}, syslogDrainUrl=null, tags=[], type=managed, lastOperation=null}, serviceKeyOperation=null, resourceName=null}, DeployedMtaServiceKey{name=managed-html5-runtime-basic-mta-sample-basic-html5-repo-host-credentials, metadata=CloudMetadata{guid=5108e201-e2cd-4c80-998f-e596d42e56ce, createdAt=2026-03-26T10:38:30, updatedAt=2026-03-26T10:38:31, url=null}, v3Metadata=Metadata{annotations={mta_id=sample-basic-html5-mta, mta_version=1.0.0}, labels={mta_id=b5c242e17630a07e2579bc86204ef686, space_guid=6ad0cdac-df61-49a4-9b84-2b0cdf6d7d4a}}, credentials=null, serviceInstance=CloudServiceInstance{name=sample-basic-html5-repo-host, metadata=CloudMetadata{guid=ca1c7803-ee4a-4b85-bc2b-a1db34b6e4d5, createdAt=2026-03-26T10:38:06, updatedAt=2026-03-26T10:38:07, url=null}, v3Metadata=Metadata{annotations={mta_id=sample-basic-html5-mta, mta_version=1.0.0, mta_resource={"name":"sample-basic-html5-repo-host"}}, labels={mta_id=b5c242e17630a07e2579bc86204ef686}}, label=null, plan=null, provider=null, broker=null, version=null, credentials={}, syslogDrainUrl=null, tags=[], type=managed, lastOperation=null}, serviceKeyOperation=null, resourceName=null}]}"#
#2026 03 26 10:43:18.815#Z#DEBUG#9997d830-2900-11f1-85ef-eeee0a89cb82.OPERATION#flowable-async-job-executor-thread-13464#
[BuildCloudUndeployModelStep] New service keys by service "{sample-basic-html5-repo-host=[sample-basic-html5-repo-host-key, managed-html5-runtime-basic-mta-sample-basic-html5-repo-host-credentials, sample-basic-html5-ui-deployer-sample-basic-html5-repo-host-credentials]}"#
#2026 03 26 10:43:18.815#Z#DEBUG#9997d830-2900-11f1-85ef-eeee0a89cb82.OPERATION#flowable-async-job-executor-thread-13464#
[BuildCloudUndeployModelStep] Existing service keys by service "{}"#
#2026 03 26 10:43:18.815#Z#DEBUG#9997d830-2900-11f1-85ef-eeee0a89cb82.OPERATION#flowable-async-job-executor-thread-13464#
[BuildCloudUndeployModelStep] Detected service keys to delete "[]"#
#2026 03 26 10:43:18.818#Z#DEBUG#9997d830-2900-11f1-85ef-eeee0a89cb82.OPERATION#flowable-async-job-executor-thread-13464#
[BuildCloudUndeployModelStep] MTA modules: [sample-basic-html5-ui-deployer, managed-html5-runtime-basic-mta]#
#2026 03 26 10:43:18.818#Z#DEBUG#9997d830-2900-11f1-85ef-eeee0a89cb82.OPERATION#flowable-async-job-executor-thread-13464#
[BuildCloudUndeployModelStep] Modules to undeploy: [ ]#
#2026 03 26 10:43:18.818#Z#DEBUG#9997d830-2900-11f1-85ef-eeee0a89cb82.OPERATION#flowable-async-job-executor-thread-13464#
[BuildCloudUndeployModelStep] Modules that won't be changed: [ ]#
#2026 03 26 10:43:18.819#Z#DEBUG#9997d830-2900-11f1-85ef-eeee0a89cb82.OPERATION#flowable-async-job-executor-thread-13464#
[BuildCloudUndeployModelStep] Subscriptions to delete: [ ]#
#2026 03 26 10:43:18.820#Z#DEBUG#9997d830-2900-11f1-85ef-eeee0a89cb82.OPERATION#flowable-async-job-executor-thread-13464#
[BuildCloudUndeployModelStep] Cloud services to delete: []#
#2026 03 26 10:43:18.820#Z#DEBUG#9997d830-2900-11f1-85ef-eeee0a89cb82.OPERATION#flowable-async-job-executor-thread-13464#
[BuildCloudUndeployModelStep] Cloud applications to undeploy: [ ]#
#2026 03 26 10:43:18.822#Z#DEBUG#9997d830-2900-11f1-85ef-eeee0a89cb82.OPERATION#flowable-async-job-executor-thread-13464#
[BuildCloudUndeployModelStep] Cloud undeployment model built#
#2026 03 26 10:43:18.823#Z#DEBUG#9997d830-2900-11f1-85ef-eeee0a89cb82.OPERATION#flowable-async-job-executor-thread-13464#
Step "Build Undeploy Model" finished#
#2026 03 26 10:43:18.852#Z#DEBUG#9997d830-2900-11f1-85ef-eeee0a89cb82.OPERATION#flowable-async-job-executor-thread-13464#
[AddDomainsStep] Executing task "addDomainsTask" of process "9997d856-2900-11f1-85ef-eeee0a89cb82"...#
#2026 03 26 10:43:18.854#Z#DEBUG#9997d830-2900-11f1-85ef-eeee0a89cb82.OPERATION#flowable-async-job-executor-thread-13464#
[AddDomainsStep] Custom domains: []#
#2026 03 26 10:43:18.854#Z#DEBUG#9997d830-2900-11f1-85ef-eeee0a89cb82.OPERATION#flowable-async-job-executor-thread-13464#
Step "Add Domains" finished#
#2026 03 26 10:43:18.968#Z#DEBUG#9997d830-2900-11f1-85ef-eeee0a89cb82.OPERATION#flowable-async-job-executor-thread-13467#
[ExtractBatchedServicesWithResolvedDynamicParametersStep] Executing task "prepareModulesDeploymentTask" of process "9a34dbb2-2900-11f1-85ef-eeee0a89cb82"...#
#2026 03 26 10:43:18.969#Z#DEBUG#9997d830-2900-11f1-85ef-eeee0a89cb82.OPERATION#flowable-async-job-executor-thread-13467#
[ExtractBatchedServicesWithResolvedDynamicParametersStep] Extracting services and resolving dynamic parameters from batch#
#2026 03 26 10:43:18.970#Z#DEBUG#9997d830-2900-11f1-85ef-eeee0a89cb82.OPERATION#flowable-async-job-executor-thread-13467#
[ExtractBatchedServicesWithResolvedDynamicParametersStep] Services to create: [ {
  "isOptional" : false,
  "isManaged" : true,
  "name" : "sample-basic-html5-repo-host",
  "v3Metadata" : {
    "annotations" : {
      "mta_id" : "sample-basic-html5-mta",
      "mta_version" : "1.0.0",
      "mta_resource" : "{\"name\":\"sample-basic-html5-repo-host\"}"
    },
    "labels" : {
      "mta_id" : "b5c242e17630a07e2579bc86204ef686"
    }
  },
  "label" : "html5-apps-repo",
  "plan" : "app-host",
  "credentials" : "********",
  "tags" : [ ],
  "type" : "managed",
  "resourceName" : "sample-basic-html5-repo-host",
  "shouldSkipParametersUpdate" : false,
  "shouldSkipPlanUpdate" : false,
  "shouldSkipTagsUpdate" : false,
  "shouldSkipSyslogUrlUpdate" : false
} ]#
#2026 03 26 10:43:18.971#Z#DEBUG#9997d830-2900-11f1-85ef-eeee0a89cb82.OPERATION#flowable-async-job-executor-thread-13467#
Step "Extract Services with Resolved Dynamic parameters from batch" finished#
#2026 03 26 10:43:19.053#Z#DEBUG#9997d830-2900-11f1-85ef-eeee0a89cb82.OPERATION#flowable-async-job-executor-thread-13467#
[CheckServiceOperationStateStep] Executing task "CheckServiceOperationStateTask" of process "9a44e17b-2900-11f1-85ef-eeee0a89cb82"...#
#2026 03 26 10:43:19.053#Z#DEBUG#9997d830-2900-11f1-85ef-eeee0a89cb82.OPERATION#flowable-async-job-executor-thread-13467#
[CheckServiceOperationStateStep] Getting service instance "sample-basic-html5-repo-host"...#
#2026 03 26 10:43:19.181#Z#DEBUG#9997d830-2900-11f1-85ef-eeee0a89cb82.OPERATION#flowable-async-job-executor-thread-13467#
Step "Check for service operations in Progress" finished#
#2026 03 26 10:43:19.210#Z#DEBUG#9997d830-2900-11f1-85ef-eeee0a89cb82.OPERATION#flowable-async-job-executor-thread-13470#
[DetermineServiceCreateUpdateServiceActionsStep] Executing task "DetermineServiceCreateUpdateActionsTask" of process "9a44e17b-2900-11f1-85ef-eeee0a89cb82"...#
#2026 03 26 10:43:19.212#Z#INFO#9997d830-2900-11f1-85ef-eeee0a89cb82.OPERATION#flowable-async-job-executor-thread-13470#
[DetermineServiceCreateUpdateServiceActionsStep] Processing service "sample-basic-html5-repo-host"...#
#2026 03 26 10:43:19.216#Z#DEBUG#9997d830-2900-11f1-85ef-eeee0a89cb82.OPERATION#flowable-async-job-executor-thread-13470#
[DetermineServiceCreateUpdateServiceActionsStep] Getting service instance "sample-basic-html5-repo-host"...#
#2026 03 26 10:43:19.338#Z#DEBUG#9997d830-2900-11f1-85ef-eeee0a89cb82.OPERATION#flowable-async-job-executor-thread-13470#
[DetermineServiceCreateUpdateServiceActionsStep] Service keys should be updated#
#2026 03 26 10:43:19.339#Z#DEBUG#9997d830-2900-11f1-85ef-eeee0a89cb82.OPERATION#flowable-async-job-executor-thread-13470#
[DetermineServiceCreateUpdateServiceActionsStep] Existing service: {
  "name" : "sample-basic-html5-repo-host",
  "metadata" : {
    "guid" : "ca1c7803-ee4a-4b85-bc2b-a1db34b6e4d5",
    "createdAt" : [ 2026, 3, 26, 10, 38, 6 ],
    "updatedAt" : [ 2026, 3, 26, 10, 38, 7 ]
  },
  "v3Metadata" : {
    "annotations" : {
      "mta_id" : "sample-basic-html5-mta",
      "mta_version" : "1.0.0",
      "mta_resource" : "{\"name\":\"sample-basic-html5-repo-host\"}"
    },
    "labels" : {
      "mta_id" : "b5c242e17630a07e2579bc86204ef686"
    }
  },
  "label" : "html5-apps-repo",
  "plan" : "app-host",
  "credentials" : "********",
  "tags" : [ ],
  "type" : "managed",
  "lastOperation" : {
    "type" : "CREATE",
    "description" : "",
    "state" : "SUCCEEDED"
  }
}#
#2026 03 26 10:43:19.339#Z#WARN#9997d830-2900-11f1-85ef-eeee0a89cb82.OPERATION#flowable-async-job-executor-thread-13470#
[DetermineServiceCreateUpdateServiceActionsStep] Service parameters for service "sample-basic-html5-repo-host" will not be updated, as the parameters are not defined or empty.#
#2026 03 26 10:43:19.339#Z#DEBUG#9997d830-2900-11f1-85ef-eeee0a89cb82.OPERATION#flowable-async-job-executor-thread-13470#
Step "Determine update actions" finished#
#2026 03 26 10:43:19.379#Z#DEBUG#9997d830-2900-11f1-85ef-eeee0a89cb82.OPERATION#flowable-async-job-executor-thread-13470#
[CheckForServiceBindingOrKeyOperationStep] Executing task "CheckForServiceBindingOrKeyCreation" of process "9a44e17b-2900-11f1-85ef-eeee0a89cb82"...#
#2026 03 26 10:43:19.380#Z#DEBUG#9997d830-2900-11f1-85ef-eeee0a89cb82.OPERATION#flowable-async-job-executor-thread-13470#
Step "Check for service binding or key creation" finished#
#2026 03 26 10:43:19.467#Z#DEBUG#9997d830-2900-11f1-85ef-eeee0a89cb82.OPERATION#flowable-async-job-executor-thread-13464#
[CalculateServiceKeyForWaitingStep] Executing task "sid-AAC32931-2316-49FE-9E1B-D29AA08F6089" of process "9a83e5ae-2900-11f1-85ef-eeee0a89cb82"...#
#2026 03 26 10:43:19.468#Z#DEBUG#9997d830-2900-11f1-85ef-eeee0a89cb82.OPERATION#flowable-async-job-executor-thread-13464#
[CalculateServiceKeyForWaitingStep] Getting service keys for service instance "sample-basic-html5-repo-host"...#
#2026 03 26 10:43:19.683#Z#DEBUG#9997d830-2900-11f1-85ef-eeee0a89cb82.OPERATION#flowable-async-job-executor-thread-13464#
[CalculateServiceKeyForWaitingStep] Service keys scheduled for waiting: "[ ]"#
#2026 03 26 10:43:19.683#Z#DEBUG#9997d830-2900-11f1-85ef-eeee0a89cb82.OPERATION#flowable-async-job-executor-thread-13464#
Step "Calculate Service Keys For Waiting" finished#
#2026 03 26 10:43:19.713#Z#DEBUG#9997d830-2900-11f1-85ef-eeee0a89cb82.OPERATION#flowable-async-job-executor-thread-13464#
[DetermineServiceKeysToRecreateStep] Executing task "determineServiceKeysToRecreateStep" of process "9aab6ae9-2900-11f1-85ef-eeee0a89cb82"...#
#2026 03 26 10:43:19.715#Z#DEBUG#9997d830-2900-11f1-85ef-eeee0a89cb82.OPERATION#flowable-async-job-executor-thread-13464#
[DetermineServiceKeysToRecreateStep] Getting service keys for service instance "sample-basic-html5-repo-host"...#
#2026 03 26 10:43:19.953#Z#WARN#9997d830-2900-11f1-85ef-eeee0a89cb82.OPERATION#flowable-async-job-executor-thread-13464#
[DetermineServiceKeysToRecreateStep] Service key "sample-basic-html5-repo-host-key" for service "sample-basic-html5-repo-host" will not be updated, as the option for deleting service keys is not specified!#
#2026 03 26 10:43:19.958#Z#DEBUG#9997d830-2900-11f1-85ef-eeee0a89cb82.OPERATION#flowable-async-job-executor-thread-13464#
[DetermineServiceKeysToRecreateStep] Service keys scheduled for creation: "[]"#
#2026 03 26 10:43:19.958#Z#DEBUG#9997d830-2900-11f1-85ef-eeee0a89cb82.OPERATION#flowable-async-job-executor-thread-13464#
Step "Determine Service Keys To Recreate" finished#
#2026 03 26 10:43:19.982#Z#DEBUG#9997d830-2900-11f1-85ef-eeee0a89cb82.OPERATION#flowable-async-job-executor-thread-13464#
[UpdateServiceKeysMetadataStep] Executing task "updateServiceKeysMetadataStep" of process "9aab6ae9-2900-11f1-85ef-eeee0a89cb82"...#
#2026 03 26 10:43:19.983#Z#DEBUG#9997d830-2900-11f1-85ef-eeee0a89cb82.OPERATION#flowable-async-job-executor-thread-13464#
Step "Update Service Keys Metadata" finished#
#2026 03 26 10:43:20.203#Z#DEBUG#9997d830-2900-11f1-85ef-eeee0a89cb82.OPERATION#flowable-async-job-executor-thread-13464#
[PrepareModulesDeploymentStep] Executing task "prepareModulesDeploymentTask" of process "9af19bd0-2900-11f1-85ef-eeee0a89cb82"...#
#2026 03 26 10:43:20.204#Z#DEBUG#9997d830-2900-11f1-85ef-eeee0a89cb82.OPERATION#flowable-async-job-executor-thread-13464#
[PrepareModulesDeploymentStep] Preparing modules deployment...#
#2026 03 26 10:43:20.208#Z#DEBUG#9997d830-2900-11f1-85ef-eeee0a89cb82.OPERATION#flowable-async-job-executor-thread-13464#
Step "Prepare Modules Deployment" finished#
#2026 03 26 10:43:20.330#Z#DEBUG#9997d830-2900-11f1-85ef-eeee0a89cb82.OPERATION#flowable-async-job-executor-thread-13464#
[BuildContentDeploymentConfigurationStep] Executing task "buildContentDeploymentConfigurationTask" of process "9b039dd8-2900-11f1-85ef-eeee0a89cb82"...#
#2026 03 26 10:43:20.334#Z#DEBUG#9997d830-2900-11f1-85ef-eeee0a89cb82.OPERATION#flowable-async-job-executor-thread-13464#
[BuildContentDeploymentConfigurationStep] Getting service key "managed-html5-runtime-basic-mta-sample-basic-html5-repo-host-credentials" for service instance "sample-basic-html5-repo-host"...#
#2026 03 26 10:43:20.547#Z#INFO#9997d830-2900-11f1-85ef-eeee0a89cb82.OPERATION#flowable-async-job-executor-thread-13464#
[BuildContentDeploymentConfigurationStep] Service key "managed-html5-runtime-basic-mta-sample-basic-html5-repo-host-credentials" for service "sample-basic-html5-repo-host" already exists#
#2026 03 26 10:43:20.553#Z#DEBUG#9997d830-2900-11f1-85ef-eeee0a89cb82.OPERATION#flowable-async-job-executor-thread-13464#
Step "Build Content Deployment Configuration" finished#
#2026 03 26 10:43:20.556#Z#DEBUG#9997d830-2900-11f1-85ef-eeee0a89cb82.OPERATION#flowable-async-job-executor-thread-13464#
[CreateContentDeployClientConfigurationStep] Executing task "createContentDeployClientConfigurationTask" of process "9b30041e-2900-11f1-85ef-eeee0a89cb82"...#
#2026 03 26 10:43:20.556#Z#DEBUG#9997d830-2900-11f1-85ef-eeee0a89cb82.OPERATION#flowable-async-job-executor-thread-13464#
[CreateContentDeployClientConfigurationStep] Content deployer client configuration: {
  "contentDeployerUrl" : "https://html5-apps-repo-dt.cfapps.us10.hana.ondemand.com",
  "uaaClientConfiguration" : {
    "url" : "********",
    "credentials" : "********",
    "authenticationStrategyType" : "********"
  },
  "httpRequestHeaders" : {
    "X-CorrelationID" : "9997d830-2900-11f1-85ef-eeee0a89cb82"
  },
  "spaceId" : "6ad0cdac-df61-49a4-9b84-2b0cdf6d7d4a",
  "serviceName" : "sample-basic-html5-repo-host"
}#
#2026 03 26 10:43:20.647#Z#DEBUG#9997d830-2900-11f1-85ef-eeee0a89cb82.OPERATION#flowable-async-job-executor-thread-13464#
Step "Create Content Deploy Client Configuration" finished#
#2026 03 26 10:43:20.648#Z#DEBUG#9997d830-2900-11f1-85ef-eeee0a89cb82.OPERATION#flowable-async-job-executor-thread-13464#
[GetContentFromDeploymentDescriptorStep] Executing task "getContentFromDeploymentDescriptorTask" of process "9b30041e-2900-11f1-85ef-eeee0a89cb82"...#
#2026 03 26 10:43:20.648#Z#DEBUG#9997d830-2900-11f1-85ef-eeee0a89cb82.OPERATION#flowable-async-job-executor-thread-13464#
[GetContentFromDeploymentDescriptorStep] Content for module: "managed-html5-runtime-basic-mta" is: "{
  "id" : "e70b583b-889b-4560-84ca-3514da930122",
  "contentType" : "EMBEDDED",
  "content" : {
    "instance" : {
      "destinations" : [ {
        "Name" : "sample-basic-html5-repo-host",
        "ServiceInstanceName" : "sample-basic-html5-repo-host",
        "ServiceKeyName" : "********",
        "sap.cloud.service" : "multi-cloud-html5-apps-samples"
      } ],
      "existing_destinations_policy" : "update"
    }
  }
}"#
#2026 03 26 10:43:20.648#Z#DEBUG#9997d830-2900-11f1-85ef-eeee0a89cb82.OPERATION#flowable-async-job-executor-thread-13464#
Step "Get Content From Deployment Descriptor" finished#
#2026 03 26 10:43:20.649#Z#DEBUG#9997d830-2900-11f1-85ef-eeee0a89cb82.OPERATION#flowable-async-job-executor-thread-13464#
[UploadContentStep] Executing task "uploadContentTask" of process "9b30041e-2900-11f1-85ef-eeee0a89cb82"...#
#2026 03 26 10:43:20.649#Z#INFO#9997d830-2900-11f1-85ef-eeee0a89cb82.OPERATION#flowable-async-job-executor-thread-13464#
[UploadContentStep] Uploading content module "managed-html5-runtime-basic-mta" in target service "sample-basic-html5-repo-host"...#
#2026 03 26 10:43:20.655#Z#DEBUG#9997d830-2900-11f1-85ef-eeee0a89cb82.OPERATION#flowable-async-job-executor-thread-13464#
[UploadContentStep] No content to upload#
#2026 03 26 10:43:20.655#Z#DEBUG#9997d830-2900-11f1-85ef-eeee0a89cb82.OPERATION#flowable-async-job-executor-thread-13464#
Step "Upload Content" finished#
#2026 03 26 10:43:20.656#Z#DEBUG#9997d830-2900-11f1-85ef-eeee0a89cb82.OPERATION#flowable-async-job-executor-thread-13464#
[StartContentDeployStep] Executing task "startContentDeployTask" of process "9b30041e-2900-11f1-85ef-eeee0a89cb82"...#
#2026 03 26 10:43:20.656#Z#INFO#9997d830-2900-11f1-85ef-eeee0a89cb82.OPERATION#flowable-async-job-executor-thread-13464#
[StartContentDeployStep] Deploying content module "managed-html5-runtime-basic-mta" in target service "sample-basic-html5-repo-host"...#
#2026 03 26 10:43:20.838#Z#DEBUG#9997d830-2900-11f1-85ef-eeee0a89cb82.OPERATION#flowable-async-job-executor-thread-13464#
Step "Start Content Deploy" finished#
#2026 03 26 10:43:31.923#Z#DEBUG#9997d830-2900-11f1-85ef-eeee0a89cb82.OPERATION#flowable-async-job-executor-thread-26133#
[StartContentDeployStep] Executing task "startContentDeployTask" of process "9b30041e-2900-11f1-85ef-eeee0a89cb82"...#
#2026 03 26 10:43:31.924#Z#DEBUG#9997d830-2900-11f1-85ef-eeee0a89cb82.OPERATION#flowable-async-job-executor-thread-26133#
[StartContentDeployStep] Checking status of module content deployment "managed-html5-runtime-basic-mta" in service "sample-basic-html5-repo-host"...#
#2026 03 26 10:43:42.353#Z#ERROR#9997d830-2900-11f1-85ef-eeee0a89cb82.OPERATION#flowable-async-job-executor-thread-26133#
Exception caught#
org.cloudfoundry.multiapps.common.SLException: Error checking status of content deployment from module "managed-html5-runtime-basic-mta" in content service "sample-basic-html5-repo-host": Operation 'Get Deploy Resource' to the URL 'https://html5-apps-repo-dt.cfapps.us10.hana.ondemand.com/v2/deploys/e70b583b-889b-4560-84ca-3514da930122' failed. Remote server responded with HTTP status code 500, error message: 'Upload application content failed { CODE: '1001' }', error type 'Bad Request' 
	at org.cloudfoundry.multiapps.controller.process.steps.SyncFlowableStep.processException(SyncFlowableStep.java:151)
	at org.cloudfoundry.multiapps.controller.process.steps.AsyncFlowableStep.executeStepExecution(AsyncFlowableStep.java:28)
	at org.cloudfoundry.multiapps.controller.process.steps.AsyncFlowableStep.executeStep(AsyncFlowableStep.java:15)
	at org.cloudfoundry.multiapps.controller.process.steps.TimeoutAsyncFlowableStep.executeStep(TimeoutAsyncFlowableStep.java:25)
	at org.cloudfoundry.multiapps.controller.process.steps.SyncFlowableStep.executeInternal(SyncFlowableStep.java:81)
	at org.cloudfoundry.multiapps.controller.process.steps.SyncFlowableStep.lambda$execute$0(SyncFlowableStep.java:71)
	at org.cloudfoundry.multiapps.controller.core.util.LoggingUtil.logWithCorrelationId(LoggingUtil.java:14)
	at org.cloudfoundry.multiapps.controller.process.steps.SyncFlowableStep.execute(SyncFlowableStep.java:71)
	at org.flowable.engine.impl.delegate.invocation.JavaDelegateInvocation.invoke(JavaDelegateInvocation.java:35)
	at org.flowable.engine.impl.delegate.invocation.DelegateInvocation.proceed(DelegateInvocation.java:32)
	at org.flowable.engine.impl.delegate.invocation.DefaultDelegateInterceptor.handleInvocation(DefaultDelegateInterceptor.java:26)
	at org.flowable.engine.impl.bpmn.behavior.ServiceTaskDelegateExpressionActivityBehavior.execute(ServiceTaskDelegateExpressionActivityBehavior.java:177)
	at org.flowable.engine.impl.agenda.ContinueProcessOperation.executeActivityBehavior(ContinueProcessOperation.java:298)
	at org.flowable.engine.impl.agenda.ContinueProcessOperation.executeSynchronous(ContinueProcessOperation.java:175)
	at org.flowable.engine.impl.agenda.ContinueProcessOperation.continueThroughFlowNode(ContinueProcessOperation.java:125)
	at org.flowable.engine.impl.agenda.ContinueProcessOperation.run(ContinueProcessOperation.java:88)
	at org.flowable.common.engine.impl.AbstractEngineConfiguration.lambda$new$0(AbstractEngineConfiguration.java:198)
	at org.flowable.engine.impl.interceptor.CommandInvoker.executeOperation(CommandInvoker.java:189)
	at org.flowable.engine.impl.interceptor.CommandInvoker.executeOperations(CommandInvoker.java:128)
	at org.flowable.engine.impl.interceptor.CommandInvoker.execute(CommandInvoker.java:80)
	at org.flowable.engine.impl.interceptor.BpmnOverrideContextInterceptor.execute(BpmnOverrideContextInterceptor.java:26)
	at org.flowable.common.engine.impl.interceptor.TransactionContextInterceptor.execute(TransactionContextInterceptor.java:53)
	at org.flowable.common.engine.impl.interceptor.CommandContextInterceptor.execute(CommandContextInterceptor.java:105)
	at org.flowable.common.spring.SpringTransactionInterceptor.lambda$execute$0(SpringTransactionInterceptor.java:57)
	at org.springframework.transaction.support.TransactionTemplate.execute(TransactionTemplate.java:140)
	at org.flowable.common.spring.SpringTransactionInterceptor.execute(SpringTransactionInterceptor.java:57)
	at org.flowable.common.engine.impl.interceptor.LogInterceptor.execute(LogInterceptor.java:30)
	at org.flowable.common.engine.impl.cfg.CommandExecutorImpl.execute(CommandExecutorImpl.java:56)
	at org.flowable.common.engine.impl.cfg.CommandExecutorImpl.execute(CommandExecutorImpl.java:51)
	at org.flowable.job.service.impl.asyncexecutor.ExecuteAsyncRunnable.handleTransactionalJob(ExecuteAsyncRunnable.java:177)
	at org.flowable.job.service.impl.asyncexecutor.ExecuteAsyncRunnable.executeJob(ExecuteAsyncRunnable.java:146)
	at org.flowable.job.service.impl.asyncexecutor.ExecuteAsyncRunnable.runInternally(ExecuteAsyncRunnable.java:122)
	at org.flowable.job.service.impl.asyncexecutor.ExecuteAsyncRunnable.run(ExecuteAsyncRunnable.java:96)
	at java.base/java.util.concurrent.ThreadPoolExecutor.runWorker(ThreadPoolExecutor.java:1136)
	at java.base/java.util.concurrent.ThreadPoolExecutor$Worker.run(ThreadPoolExecutor.java:635)
	at java.base/java.lang.Thread.run(Thread.java:840)
Caused by: com.sap.cloud.lm.sl.cf.sap.content.client.ContentDeployerException: Operation 'Get Deploy Resource' to the URL 'https://html5-apps-repo-dt.cfapps.us10.hana.ondemand.com/v2/deploys/e70b583b-889b-4560-84ca-3514da930122' failed. Remote server responded with HTTP status code 500, error message: 'Upload application content failed { CODE: '1001' }', error type 'Bad Request'
	at com.sap.cloud.lm.sl.cf.sap.content.client.impl.GACDClientV2Impl.getDeployment(GACDClientV2Impl.java:100)
	at com.sap.cloud.lm.sl.cf.sap.content.client.impl.ResilientGACDClientV1Impl.lambda$getDeployment$3(ResilientGACDClientV1Impl.java:42)
	at org.cloudfoundry.multiapps.controller.client.util.ResilientOperationExecutor.execute(ResilientOperationExecutor.java:48)
	at com.sap.cloud.lm.sl.cf.sap.content.client.impl.ResilientGACDClientV1Impl.getDeployment(ResilientGACDClientV1Impl.java:42)
	at com.sap.cloud.lm.sl.cf.sap.process.steps.PollDeployContentStatusExecution.checkStartupStatus(PollDeployContentStatusExecution.java:57)
	at com.sap.cloud.lm.sl.cf.sap.process.steps.PollDeployContentStatusExecution.execute(PollDeployContentStatusExecution.java:45)
	at org.cloudfoundry.multiapps.controller.process.steps.AsyncFlowableStep.executeStepExecution(AsyncFlowableStep.java:25)
	... 34 more
Caused by: com.sap.lm.sl.alm.ts.gacd.client.GacClientException: Operation 'Get Deploy Resource' to the URL 'https://html5-apps-repo-dt.cfapps.us10.hana.ondemand.com/v2/deploys/e70b583b-889b-4560-84ca-3514da930122' failed. Remote server responded with HTTP status code 500, error message: 'Upload application content failed { CODE: '1001' }', error type 'Bad Request'
	at com.sap.lm.sl.alm.ts.gacd.client.RestHelper.handleResponse(RestHelper.java:84)
	at com.sap.lm.sl.alm.ts.gacd.client.RestHelper.doHttpGet(RestHelper.java:197)
	at com.sap.lm.sl.alm.ts.gacd.client.v2.GacDeployClientV2.getDeployResource(GacDeployClientV2.java:63)
	at com.sap.cloud.lm.sl.cf.sap.content.client.impl.GACDClientV2Impl.getDeployment(GACDClientV2Impl.java:97)
	... 40 more
#2026 03 26 10:43:42.419#Z#DEBUG#9997d830-2900-11f1-85ef-eeee0a89cb82.OPERATION#flowable-async-job-executor-thread-26133#
Step "Start Content Deploy" finished#
#2026 03 26 10:43:45.257#Z#DEBUG#9997d830-2900-11f1-85ef-eeee0a89cb82.OPERATION#flowable-async-job-executor-thread-13479#
[StartContentDeployStep] Executing task "startContentDeployTask" of process "9b30041e-2900-11f1-85ef-eeee0a89cb82"...#
#2026 03 26 10:43:45.259#Z#INFO#9997d830-2900-11f1-85ef-eeee0a89cb82.OPERATION#flowable-async-job-executor-thread-13479#
[StartContentDeployStep] Deploying content module "managed-html5-runtime-basic-mta" in target service "sample-basic-html5-repo-host"...#
#2026 03 26 10:43:45.434#Z#DEBUG#9997d830-2900-11f1-85ef-eeee0a89cb82.OPERATION#flowable-async-job-executor-thread-13479#
Step "Start Content Deploy" finished#
#2026 03 26 10:43:52.045#Z#DEBUG#9997d830-2900-11f1-85ef-eeee0a89cb82.OPERATION#flowable-async-job-executor-thread-26142#
[StartContentDeployStep] Executing task "startContentDeployTask" of process "9b30041e-2900-11f1-85ef-eeee0a89cb82"...#
#2026 03 26 10:43:52.047#Z#DEBUG#9997d830-2900-11f1-85ef-eeee0a89cb82.OPERATION#flowable-async-job-executor-thread-26142#
[StartContentDeployStep] Checking status of module content deployment "managed-html5-runtime-basic-mta" in service "sample-basic-html5-repo-host"...#
#2026 03 26 10:44:02.422#Z#ERROR#9997d830-2900-11f1-85ef-eeee0a89cb82.OPERATION#flowable-async-job-executor-thread-26142#
Exception caught#
org.cloudfoundry.multiapps.common.SLException: Error checking status of content deployment from module "managed-html5-runtime-basic-mta" in content service "sample-basic-html5-repo-host": Operation 'Get Deploy Resource' to the URL 'https://html5-apps-repo-dt.cfapps.us10.hana.ondemand.com/v2/deploys/e70b583b-889b-4560-84ca-3514da930122' failed. Remote server responded with HTTP status code 500, error message: 'Upload application content failed { CODE: '1001' }', error type 'Bad Request' 
	at org.cloudfoundry.multiapps.controller.process.steps.SyncFlowableStep.processException(SyncFlowableStep.java:151)
	at org.cloudfoundry.multiapps.controller.process.steps.AsyncFlowableStep.executeStepExecution(AsyncFlowableStep.java:28)
	at org.cloudfoundry.multiapps.controller.process.steps.AsyncFlowableStep.executeStep(AsyncFlowableStep.java:15)
	at org.cloudfoundry.multiapps.controller.process.steps.TimeoutAsyncFlowableStep.executeStep(TimeoutAsyncFlowableStep.java:25)
	at org.cloudfoundry.multiapps.controller.process.steps.SyncFlowableStep.executeInternal(SyncFlowableStep.java:81)
	at org.cloudfoundry.multiapps.controller.process.steps.SyncFlowableStep.lambda$execute$0(SyncFlowableStep.java:71)
	at org.cloudfoundry.multiapps.controller.core.util.LoggingUtil.logWithCorrelationId(LoggingUtil.java:14)
	at org.cloudfoundry.multiapps.controller.process.steps.SyncFlowableStep.execute(SyncFlowableStep.java:71)
	at org.flowable.engine.impl.delegate.invocation.JavaDelegateInvocation.invoke(JavaDelegateInvocation.java:35)
	at org.flowable.engine.impl.delegate.invocation.DelegateInvocation.proceed(DelegateInvocation.java:32)
	at org.flowable.engine.impl.delegate.invocation.DefaultDelegateInterceptor.handleInvocation(DefaultDelegateInterceptor.java:26)
	at org.flowable.engine.impl.bpmn.behavior.ServiceTaskDelegateExpressionActivityBehavior.execute(ServiceTaskDelegateExpressionActivityBehavior.java:177)
	at org.flowable.engine.impl.agenda.ContinueProcessOperation.executeActivityBehavior(ContinueProcessOperation.java:298)
	at org.flowable.engine.impl.agenda.ContinueProcessOperation.executeSynchronous(ContinueProcessOperation.java:175)
	at org.flowable.engine.impl.agenda.ContinueProcessOperation.continueThroughFlowNode(ContinueProcessOperation.java:125)
	at org.flowable.engine.impl.agenda.ContinueProcessOperation.run(ContinueProcessOperation.java:88)
	at org.flowable.common.engine.impl.AbstractEngineConfiguration.lambda$new$0(AbstractEngineConfiguration.java:198)
	at org.flowable.engine.impl.interceptor.CommandInvoker.executeOperation(CommandInvoker.java:189)
	at org.flowable.engine.impl.interceptor.CommandInvoker.executeOperations(CommandInvoker.java:128)
	at org.flowable.engine.impl.interceptor.CommandInvoker.execute(CommandInvoker.java:80)
	at org.flowable.engine.impl.interceptor.BpmnOverrideContextInterceptor.execute(BpmnOverrideContextInterceptor.java:26)
	at org.flowable.common.engine.impl.interceptor.TransactionContextInterceptor.execute(TransactionContextInterceptor.java:53)
	at org.flowable.common.engine.impl.interceptor.CommandContextInterceptor.execute(CommandContextInterceptor.java:105)
	at org.flowable.common.spring.SpringTransactionInterceptor.lambda$execute$0(SpringTransactionInterceptor.java:57)
	at org.springframework.transaction.support.TransactionTemplate.execute(TransactionTemplate.java:140)
	at org.flowable.common.spring.SpringTransactionInterceptor.execute(SpringTransactionInterceptor.java:57)
	at org.flowable.common.engine.impl.interceptor.LogInterceptor.execute(LogInterceptor.java:30)
	at org.flowable.common.engine.impl.cfg.CommandExecutorImpl.execute(CommandExecutorImpl.java:56)
	at org.flowable.common.engine.impl.cfg.CommandExecutorImpl.execute(CommandExecutorImpl.java:51)
	at org.flowable.job.service.impl.asyncexecutor.ExecuteAsyncRunnable.handleTransactionalJob(ExecuteAsyncRunnable.java:177)
	at org.flowable.job.service.impl.asyncexecutor.ExecuteAsyncRunnable.executeJob(ExecuteAsyncRunnable.java:146)
	at org.flowable.job.service.impl.asyncexecutor.ExecuteAsyncRunnable.runInternally(ExecuteAsyncRunnable.java:122)
	at org.flowable.job.service.impl.asyncexecutor.ExecuteAsyncRunnable.run(ExecuteAsyncRunnable.java:96)
	at java.base/java.util.concurrent.ThreadPoolExecutor.runWorker(ThreadPoolExecutor.java:1136)
	at java.base/java.util.concurrent.ThreadPoolExecutor$Worker.run(ThreadPoolExecutor.java:635)
	at java.base/java.lang.Thread.run(Thread.java:840)
Caused by: com.sap.cloud.lm.sl.cf.sap.content.client.ContentDeployerException: Operation 'Get Deploy Resource' to the URL 'https://html5-apps-repo-dt.cfapps.us10.hana.ondemand.com/v2/deploys/e70b583b-889b-4560-84ca-3514da930122' failed. Remote server responded with HTTP status code 500, error message: 'Upload application content failed { CODE: '1001' }', error type 'Bad Request'
	at com.sap.cloud.lm.sl.cf.sap.content.client.impl.GACDClientV2Impl.getDeployment(GACDClientV2Impl.java:100)
	at com.sap.cloud.lm.sl.cf.sap.content.client.impl.ResilientGACDClientV1Impl.lambda$getDeployment$3(ResilientGACDClientV1Impl.java:42)
	at org.cloudfoundry.multiapps.controller.client.util.ResilientOperationExecutor.execute(ResilientOperationExecutor.java:48)
	at com.sap.cloud.lm.sl.cf.sap.content.client.impl.ResilientGACDClientV1Impl.getDeployment(ResilientGACDClientV1Impl.java:42)
	at com.sap.cloud.lm.sl.cf.sap.process.steps.PollDeployContentStatusExecution.checkStartupStatus(PollDeployContentStatusExecution.java:57)
	at com.sap.cloud.lm.sl.cf.sap.process.steps.PollDeployContentStatusExecution.execute(PollDeployContentStatusExecution.java:45)
	at org.cloudfoundry.multiapps.controller.process.steps.AsyncFlowableStep.executeStepExecution(AsyncFlowableStep.java:25)
	... 34 more
Caused by: com.sap.lm.sl.alm.ts.gacd.client.GacClientException: Operation 'Get Deploy Resource' to the URL 'https://html5-apps-repo-dt.cfapps.us10.hana.ondemand.com/v2/deploys/e70b583b-889b-4560-84ca-3514da930122' failed. Remote server responded with HTTP status code 500, error message: 'Upload application content failed { CODE: '1001' }', error type 'Bad Request'
	at com.sap.lm.sl.alm.ts.gacd.client.RestHelper.handleResponse(RestHelper.java:84)
	at com.sap.lm.sl.alm.ts.gacd.client.RestHelper.doHttpGet(RestHelper.java:197)
	at com.sap.lm.sl.alm.ts.gacd.client.v2.GacDeployClientV2.getDeployResource(GacDeployClientV2.java:63)
	at com.sap.cloud.lm.sl.cf.sap.content.client.impl.GACDClientV2Impl.getDeployment(GACDClientV2Impl.java:97)
	... 40 more
#2026 03 26 10:44:02.427#Z#DEBUG#9997d830-2900-11f1-85ef-eeee0a89cb82.OPERATION#flowable-async-job-executor-thread-26142#
Step "Start Content Deploy" finished#
#2026 03 26 10:44:03.504#Z#DEBUG#9997d830-2900-11f1-85ef-eeee0a89cb82.OPERATION#flowable-async-job-executor-thread-13483#
[StartContentDeployStep] Executing task "startContentDeployTask" of process "9b30041e-2900-11f1-85ef-eeee0a89cb82"...#
#2026 03 26 10:44:03.507#Z#INFO#9997d830-2900-11f1-85ef-eeee0a89cb82.OPERATION#flowable-async-job-executor-thread-13483#
[StartContentDeployStep] Deploying content module "managed-html5-runtime-basic-mta" in target service "sample-basic-html5-repo-host"...#
#2026 03 26 10:44:03.729#Z#DEBUG#9997d830-2900-11f1-85ef-eeee0a89cb82.OPERATION#flowable-async-job-executor-thread-13483#
Step "Start Content Deploy" finished#
#2026 03 26 10:44:12.183#Z#DEBUG#9997d830-2900-11f1-85ef-eeee0a89cb82.OPERATION#flowable-async-job-executor-thread-26156#
[StartContentDeployStep] Executing task "startContentDeployTask" of process "9b30041e-2900-11f1-85ef-eeee0a89cb82"...#
#2026 03 26 10:44:12.184#Z#DEBUG#9997d830-2900-11f1-85ef-eeee0a89cb82.OPERATION#flowable-async-job-executor-thread-26156#
[StartContentDeployStep] Checking status of module content deployment "managed-html5-runtime-basic-mta" in service "sample-basic-html5-repo-host"...#
#2026 03 26 10:44:22.503#Z#ERROR#9997d830-2900-11f1-85ef-eeee0a89cb82.OPERATION#flowable-async-job-executor-thread-26156#
Exception caught#
org.cloudfoundry.multiapps.common.SLException: Error checking status of content deployment from module "managed-html5-runtime-basic-mta" in content service "sample-basic-html5-repo-host": Operation 'Get Deploy Resource' to the URL 'https://html5-apps-repo-dt.cfapps.us10.hana.ondemand.com/v2/deploys/e70b583b-889b-4560-84ca-3514da930122' failed. Remote server responded with HTTP status code 500, error message: 'Upload application content failed { CODE: '1001' }', error type 'Bad Request' 
	at org.cloudfoundry.multiapps.controller.process.steps.SyncFlowableStep.processException(SyncFlowableStep.java:151)
	at org.cloudfoundry.multiapps.controller.process.steps.AsyncFlowableStep.executeStepExecution(AsyncFlowableStep.java:28)
	at org.cloudfoundry.multiapps.controller.process.steps.AsyncFlowableStep.executeStep(AsyncFlowableStep.java:15)
	at org.cloudfoundry.multiapps.controller.process.steps.TimeoutAsyncFlowableStep.executeStep(TimeoutAsyncFlowableStep.java:25)
	at org.cloudfoundry.multiapps.controller.process.steps.SyncFlowableStep.executeInternal(SyncFlowableStep.java:81)
	at org.cloudfoundry.multiapps.controller.process.steps.SyncFlowableStep.lambda$execute$0(SyncFlowableStep.java:71)
	at org.cloudfoundry.multiapps.controller.core.util.LoggingUtil.logWithCorrelationId(LoggingUtil.java:14)
	at org.cloudfoundry.multiapps.controller.process.steps.SyncFlowableStep.execute(SyncFlowableStep.java:71)
	at org.flowable.engine.impl.delegate.invocation.JavaDelegateInvocation.invoke(JavaDelegateInvocation.java:35)
	at org.flowable.engine.impl.delegate.invocation.DelegateInvocation.proceed(DelegateInvocation.java:32)
	at org.flowable.engine.impl.delegate.invocation.DefaultDelegateInterceptor.handleInvocation(DefaultDelegateInterceptor.java:26)
	at org.flowable.engine.impl.bpmn.behavior.ServiceTaskDelegateExpressionActivityBehavior.execute(ServiceTaskDelegateExpressionActivityBehavior.java:177)
	at org.flowable.engine.impl.agenda.ContinueProcessOperation.executeActivityBehavior(ContinueProcessOperation.java:298)
	at org.flowable.engine.impl.agenda.ContinueProcessOperation.executeSynchronous(ContinueProcessOperation.java:175)
	at org.flowable.engine.impl.agenda.ContinueProcessOperation.continueThroughFlowNode(ContinueProcessOperation.java:125)
	at org.flowable.engine.impl.agenda.ContinueProcessOperation.run(ContinueProcessOperation.java:88)
	at org.flowable.common.engine.impl.AbstractEngineConfiguration.lambda$new$0(AbstractEngineConfiguration.java:198)
	at org.flowable.engine.impl.interceptor.CommandInvoker.executeOperation(CommandInvoker.java:189)
	at org.flowable.engine.impl.interceptor.CommandInvoker.executeOperations(CommandInvoker.java:128)
	at org.flowable.engine.impl.interceptor.CommandInvoker.execute(CommandInvoker.java:80)
	at org.flowable.engine.impl.interceptor.BpmnOverrideContextInterceptor.execute(BpmnOverrideContextInterceptor.java:26)
	at org.flowable.common.engine.impl.interceptor.TransactionContextInterceptor.execute(TransactionContextInterceptor.java:53)
	at org.flowable.common.engine.impl.interceptor.CommandContextInterceptor.execute(CommandContextInterceptor.java:105)
	at org.flowable.common.spring.SpringTransactionInterceptor.lambda$execute$0(SpringTransactionInterceptor.java:57)
	at org.springframework.transaction.support.TransactionTemplate.execute(TransactionTemplate.java:140)
	at org.flowable.common.spring.SpringTransactionInterceptor.execute(SpringTransactionInterceptor.java:57)
	at org.flowable.common.engine.impl.interceptor.LogInterceptor.execute(LogInterceptor.java:30)
	at org.flowable.common.engine.impl.cfg.CommandExecutorImpl.execute(CommandExecutorImpl.java:56)
	at org.flowable.common.engine.impl.cfg.CommandExecutorImpl.execute(CommandExecutorImpl.java:51)
	at org.flowable.job.service.impl.asyncexecutor.ExecuteAsyncRunnable.handleTransactionalJob(ExecuteAsyncRunnable.java:177)
	at org.flowable.job.service.impl.asyncexecutor.ExecuteAsyncRunnable.executeJob(ExecuteAsyncRunnable.java:146)
	at org.flowable.job.service.impl.asyncexecutor.ExecuteAsyncRunnable.runInternally(ExecuteAsyncRunnable.java:122)
	at org.flowable.job.service.impl.asyncexecutor.ExecuteAsyncRunnable.run(ExecuteAsyncRunnable.java:96)
	at java.base/java.util.concurrent.ThreadPoolExecutor.runWorker(ThreadPoolExecutor.java:1136)
	at java.base/java.util.concurrent.ThreadPoolExecutor$Worker.run(ThreadPoolExecutor.java:635)
	at java.base/java.lang.Thread.run(Thread.java:840)
Caused by: com.sap.cloud.lm.sl.cf.sap.content.client.ContentDeployerException: Operation 'Get Deploy Resource' to the URL 'https://html5-apps-repo-dt.cfapps.us10.hana.ondemand.com/v2/deploys/e70b583b-889b-4560-84ca-3514da930122' failed. Remote server responded with HTTP status code 500, error message: 'Upload application content failed { CODE: '1001' }', error type 'Bad Request'
	at com.sap.cloud.lm.sl.cf.sap.content.client.impl.GACDClientV2Impl.getDeployment(GACDClientV2Impl.java:100)
	at com.sap.cloud.lm.sl.cf.sap.content.client.impl.ResilientGACDClientV1Impl.lambda$getDeployment$3(ResilientGACDClientV1Impl.java:42)
	at org.cloudfoundry.multiapps.controller.client.util.ResilientOperationExecutor.execute(ResilientOperationExecutor.java:48)
	at com.sap.cloud.lm.sl.cf.sap.content.client.impl.ResilientGACDClientV1Impl.getDeployment(ResilientGACDClientV1Impl.java:42)
	at com.sap.cloud.lm.sl.cf.sap.process.steps.PollDeployContentStatusExecution.checkStartupStatus(PollDeployContentStatusExecution.java:57)
	at com.sap.cloud.lm.sl.cf.sap.process.steps.PollDeployContentStatusExecution.execute(PollDeployContentStatusExecution.java:45)
	at org.cloudfoundry.multiapps.controller.process.steps.AsyncFlowableStep.executeStepExecution(AsyncFlowableStep.java:25)
	... 34 more
Caused by: com.sap.lm.sl.alm.ts.gacd.client.GacClientException: Operation 'Get Deploy Resource' to the URL 'https://html5-apps-repo-dt.cfapps.us10.hana.ondemand.com/v2/deploys/e70b583b-889b-4560-84ca-3514da930122' failed. Remote server responded with HTTP status code 500, error message: 'Upload application content failed { CODE: '1001' }', error type 'Bad Request'
	at com.sap.lm.sl.alm.ts.gacd.client.RestHelper.handleResponse(RestHelper.java:84)
	at com.sap.lm.sl.alm.ts.gacd.client.RestHelper.doHttpGet(RestHelper.java:197)
	at com.sap.lm.sl.alm.ts.gacd.client.v2.GacDeployClientV2.getDeployResource(GacDeployClientV2.java:63)
	at com.sap.cloud.lm.sl.cf.sap.content.client.impl.GACDClientV2Impl.getDeployment(GACDClientV2Impl.java:97)
	... 40 more
#2026 03 26 10:44:22.538#Z#DEBUG#9997d830-2900-11f1-85ef-eeee0a89cb82.OPERATION#flowable-async-job-executor-thread-26156#
Step "Start Content Deploy" finished#
#2026 03 26 10:44:24.805#Z#DEBUG#9997d830-2900-11f1-85ef-eeee0a89cb82.OPERATION#flowable-async-job-executor-thread-13503#
[StartContentDeployStep] Executing task "startContentDeployTask" of process "9b30041e-2900-11f1-85ef-eeee0a89cb82"...#
#2026 03 26 10:44:24.807#Z#INFO#9997d830-2900-11f1-85ef-eeee0a89cb82.OPERATION#flowable-async-job-executor-thread-13503#
[StartContentDeployStep] Deploying content module "managed-html5-runtime-basic-mta" in target service "sample-basic-html5-repo-host"...#
#2026 03 26 10:44:25.086#Z#DEBUG#9997d830-2900-11f1-85ef-eeee0a89cb82.OPERATION#flowable-async-job-executor-thread-13503#
Step "Start Content Deploy" finished#
#2026 03 26 10:44:32.475#Z#DEBUG#9997d830-2900-11f1-85ef-eeee0a89cb82.OPERATION#flowable-async-job-executor-thread-14336#
[StartContentDeployStep] Executing task "startContentDeployTask" of process "9b30041e-2900-11f1-85ef-eeee0a89cb82"...#
#2026 03 26 10:44:32.476#Z#DEBUG#9997d830-2900-11f1-85ef-eeee0a89cb82.OPERATION#flowable-async-job-executor-thread-14336#
[StartContentDeployStep] Checking status of module content deployment "managed-html5-runtime-basic-mta" in service "sample-basic-html5-repo-host"...#
#2026 03 26 10:44:42.876#Z#ERROR#9997d830-2900-11f1-85ef-eeee0a89cb82.OPERATION#flowable-async-job-executor-thread-14336#
Exception caught#
org.cloudfoundry.multiapps.common.SLException: Error checking status of content deployment from module "managed-html5-runtime-basic-mta" in content service "sample-basic-html5-repo-host": Operation 'Get Deploy Resource' to the URL 'https://html5-apps-repo-dt.cfapps.us10.hana.ondemand.com/v2/deploys/e70b583b-889b-4560-84ca-3514da930122' failed. Remote server responded with HTTP status code 500, error message: 'Upload application content failed { CODE: '1001' }', error type 'Bad Request' 
	at org.cloudfoundry.multiapps.controller.process.steps.SyncFlowableStep.processException(SyncFlowableStep.java:151)
	at org.cloudfoundry.multiapps.controller.process.steps.AsyncFlowableStep.executeStepExecution(AsyncFlowableStep.java:28)
	at org.cloudfoundry.multiapps.controller.process.steps.AsyncFlowableStep.executeStep(AsyncFlowableStep.java:15)
	at org.cloudfoundry.multiapps.controller.process.steps.TimeoutAsyncFlowableStep.executeStep(TimeoutAsyncFlowableStep.java:25)
	at org.cloudfoundry.multiapps.controller.process.steps.SyncFlowableStep.executeInternal(SyncFlowableStep.java:81)
	at org.cloudfoundry.multiapps.controller.process.steps.SyncFlowableStep.lambda$execute$0(SyncFlowableStep.java:71)
	at org.cloudfoundry.multiapps.controller.core.util.LoggingUtil.logWithCorrelationId(LoggingUtil.java:14)
	at org.cloudfoundry.multiapps.controller.process.steps.SyncFlowableStep.execute(SyncFlowableStep.java:71)
	at org.flowable.engine.impl.delegate.invocation.JavaDelegateInvocation.invoke(JavaDelegateInvocation.java:35)
	at org.flowable.engine.impl.delegate.invocation.DelegateInvocation.proceed(DelegateInvocation.java:32)
	at org.flowable.engine.impl.delegate.invocation.DefaultDelegateInterceptor.handleInvocation(DefaultDelegateInterceptor.java:26)
	at org.flowable.engine.impl.bpmn.behavior.ServiceTaskDelegateExpressionActivityBehavior.execute(ServiceTaskDelegateExpressionActivityBehavior.java:177)
	at org.flowable.engine.impl.agenda.ContinueProcessOperation.executeActivityBehavior(ContinueProcessOperation.java:298)
	at org.flowable.engine.impl.agenda.ContinueProcessOperation.executeSynchronous(ContinueProcessOperation.java:175)
	at org.flowable.engine.impl.agenda.ContinueProcessOperation.continueThroughFlowNode(ContinueProcessOperation.java:125)
	at org.flowable.engine.impl.agenda.ContinueProcessOperation.run(ContinueProcessOperation.java:88)
	at org.flowable.common.engine.impl.AbstractEngineConfiguration.lambda$new$0(AbstractEngineConfiguration.java:198)
	at org.flowable.engine.impl.interceptor.CommandInvoker.executeOperation(CommandInvoker.java:189)
	at org.flowable.engine.impl.interceptor.CommandInvoker.executeOperations(CommandInvoker.java:128)
	at org.flowable.engine.impl.interceptor.CommandInvoker.execute(CommandInvoker.java:80)
	at org.flowable.engine.impl.interceptor.BpmnOverrideContextInterceptor.execute(BpmnOverrideContextInterceptor.java:26)
	at org.flowable.common.engine.impl.interceptor.TransactionContextInterceptor.execute(TransactionContextInterceptor.java:53)
	at org.flowable.common.engine.impl.interceptor.CommandContextInterceptor.execute(CommandContextInterceptor.java:105)
	at org.flowable.common.spring.SpringTransactionInterceptor.lambda$execute$0(SpringTransactionInterceptor.java:57)
	at org.springframework.transaction.support.TransactionTemplate.execute(TransactionTemplate.java:140)
	at org.flowable.common.spring.SpringTransactionInterceptor.execute(SpringTransactionInterceptor.java:57)
	at org.flowable.common.engine.impl.interceptor.LogInterceptor.execute(LogInterceptor.java:30)
	at org.flowable.common.engine.impl.cfg.CommandExecutorImpl.execute(CommandExecutorImpl.java:56)
	at org.flowable.common.engine.impl.cfg.CommandExecutorImpl.execute(CommandExecutorImpl.java:51)
	at org.flowable.job.service.impl.asyncexecutor.ExecuteAsyncRunnable.handleTransactionalJob(ExecuteAsyncRunnable.java:177)
	at org.flowable.job.service.impl.asyncexecutor.ExecuteAsyncRunnable.executeJob(ExecuteAsyncRunnable.java:146)
	at org.flowable.job.service.impl.asyncexecutor.ExecuteAsyncRunnable.runInternally(ExecuteAsyncRunnable.java:122)
	at org.flowable.job.service.impl.asyncexecutor.ExecuteAsyncRunnable.run(ExecuteAsyncRunnable.java:96)
	at java.base/java.util.concurrent.ThreadPoolExecutor.runWorker(ThreadPoolExecutor.java:1136)
	at java.base/java.util.concurrent.ThreadPoolExecutor$Worker.run(ThreadPoolExecutor.java:635)
	at java.base/java.lang.Thread.run(Thread.java:840)
Caused by: com.sap.cloud.lm.sl.cf.sap.content.client.ContentDeployerException: Operation 'Get Deploy Resource' to the URL 'https://html5-apps-repo-dt.cfapps.us10.hana.ondemand.com/v2/deploys/e70b583b-889b-4560-84ca-3514da930122' failed. Remote server responded with HTTP status code 500, error message: 'Upload application content failed { CODE: '1001' }', error type 'Bad Request'
	at com.sap.cloud.lm.sl.cf.sap.content.client.impl.GACDClientV2Impl.getDeployment(GACDClientV2Impl.java:100)
	at com.sap.cloud.lm.sl.cf.sap.content.client.impl.ResilientGACDClientV1Impl.lambda$getDeployment$3(ResilientGACDClientV1Impl.java:42)
	at org.cloudfoundry.multiapps.controller.client.util.ResilientOperationExecutor.execute(ResilientOperationExecutor.java:48)
	at com.sap.cloud.lm.sl.cf.sap.content.client.impl.ResilientGACDClientV1Impl.getDeployment(ResilientGACDClientV1Impl.java:42)
	at com.sap.cloud.lm.sl.cf.sap.process.steps.PollDeployContentStatusExecution.checkStartupStatus(PollDeployContentStatusExecution.java:57)
	at com.sap.cloud.lm.sl.cf.sap.process.steps.PollDeployContentStatusExecution.execute(PollDeployContentStatusExecution.java:45)
	at org.cloudfoundry.multiapps.controller.process.steps.AsyncFlowableStep.executeStepExecution(AsyncFlowableStep.java:25)
	... 34 more
Caused by: com.sap.lm.sl.alm.ts.gacd.client.GacClientException: Operation 'Get Deploy Resource' to the URL 'https://html5-apps-repo-dt.cfapps.us10.hana.ondemand.com/v2/deploys/e70b583b-889b-4560-84ca-3514da930122' failed. Remote server responded with HTTP status code 500, error message: 'Upload application content failed { CODE: '1001' }', error type 'Bad Request'
	at com.sap.lm.sl.alm.ts.gacd.client.RestHelper.handleResponse(RestHelper.java:84)
	at com.sap.lm.sl.alm.ts.gacd.client.RestHelper.doHttpGet(RestHelper.java:197)
	at com.sap.lm.sl.alm.ts.gacd.client.v2.GacDeployClientV2.getDeployResource(GacDeployClientV2.java:63)
	at com.sap.cloud.lm.sl.cf.sap.content.client.impl.GACDClientV2Impl.getDeployment(GACDClientV2Impl.java:97)
	... 40 more
#2026 03 26 10:44:42.882#Z#DEBUG#9997d830-2900-11f1-85ef-eeee0a89cb82.OPERATION#flowable-async-job-executor-thread-14336#
Step "Start Content Deploy" finished#
